14:01:20.382 [main] INFO Agent.premain: To disable the automatic creation of this log file, set the system property appmap.disableLogFile to 'true'
14:01:20.386 [main] INFO Agent.premain: Agent version 1.26.0, current time mills: 1704978079919
14:01:20.386 [main] INFO Agent.premain: config: {
	"configFile":"appmap.yml",
	"name":"OPG",
	"packages":[]
}
14:01:20.493 [main] INFO Agent.premain: System properties: {java.specification.version=21, sun.cpu.isalist=amd64, sun.jnu.encoding=Cp1250, java.class.path=c:\SPSE\OPG\lib\junit-platform-console-standalone-1.10.1.jar;C:\Users\micha\AppData\Roaming\Code\User\workspaceStorage\f9b4046897cbd884777aaaa0a136d5f2\redhat.java\jdt_ws\OPG_5087fc9e\bin, java.vm.vendor=Oracle Corporation, sun.arch.data.model=64, user.variant=, java.vendor.url=https://java.oracle.com/, user.timezone=Europe/Bratislava, java.vm.specification.version=21, os.name=Windows 11, sun.java.launcher=SUN_STANDARD, user.country=SK, sun.boot.library.path=C:\Program Files\Java\jdk-21\bin, sun.java.command=src.Test, jdk.debug=release, sun.cpu.endian=little, user.home=C:\Users\micha, user.language=sk, java.specification.vendor=Oracle Corporation, java.version.date=2023-10-17, java.home=C:\Program Files\Java\jdk-21, file.separator=\, java.vm.compressedOopsMode=Zero based, line.separator=
, java.vm.specification.vendor=Oracle Corporation, java.specification.name=Java Platform API Specification, user.script=, sun.management.compiler=HotSpot 64-Bit Tiered Compilers, java.runtime.version=21.0.1+12-LTS-29, user.name=micha, stdout.encoding=cp852, path.separator=;, os.version=10.0, java.runtime.name=Java(TM) SE Runtime Environment, file.encoding=UTF-8, java.vm.name=Java HotSpot(TM) 64-Bit Server VM, java.vendor.url.bug=https://bugreport.java.com/bugreport/, java.io.tmpdir=C:\Users\micha\AppData\Local\Temp\, java.version=21.0.1, user.dir=C:\SPSE\OPG, os.arch=amd64, java.vm.specification.name=Java Virtual Machine Specification, sun.os.patch.level=, native.encoding=Cp1250, java.library.path=C:\Program Files\Java\jdk-21\bin;C:\WINDOWS\Sun\Java\bin;C:\WINDOWS\system32;C:\WINDOWS;C:\Program Files\Java\jdk-21\bin;C:\Users\micha\AppData\Roaming\Code\User\globalStorage\pleiades.java-extension-pack-jdk\maven\latest\bin;C:\Users\micha\AppData\Roaming\Code\User\globalStorage\pleiades.java-extension-pack-jdk\gradle\latest\bin;C:\Program Files\Microsoft\jdk-11.0.21.9-hotspot\bin;C:\Program Files\Common Files\Oracle\Java\javapath;C:\Program Files (x86)\Common Files\Oracle\Java\javapath;C:\WINDOWS\system32;C:\WINDOWS;C:\WINDOWS\System32\Wbem;C:\WINDOWS\System32\WindowsPowerShell\v1.0\;C:\WINDOWS\System32\OpenSSH\;C:\Program Files\NVIDIA Corporation\NVIDIA NvDLISR;C:\WINDOWS\system32;C:\WINDOWS;C:\WINDOWS\System32\Wbem;C:\WINDOWS\System32\WindowsPowerShell\v1.0\;C:\WINDOWS\System32\OpenSSH\;C:\Program Files (x86)\NVIDIA Corporation\PhysX\Common;C:\Program Files\dotnet\;C:\Program Files\Git\cmd;C:\Program Files (x86)\Windows Kits\10\Windows Performance Toolkit\;C:\Users\micha\AppData\Local\Programs\Python\Launcher\;C:\Users\micha\AppData\Local\Microsoft\WindowsApps;C:\Users\micha\AppData\Local\Programs\Microsoft VS Code\bin;C:\Users\micha\.dotnet\tools;C:\Users\micha\AppData\Local\GitHubDesktop\bin;., java.vm.info=mixed mode, sharing, stderr.encoding=cp852, java.vendor=Oracle Corporation, java.vm.version=21.0.1+12-LTS-29, sun.io.unicode.encoding=UnicodeLittle, java.class.version=65.0}
14:01:25.468 [Thread-3] INFO ClassFileTransformer.lambda$logStatistics$16: +++ method call +++
14:01:25.468 [Thread-3] INFO ClassFileTransformer.lambda$logStatistics$16: classes examined: 996
14:01:25.468 [Thread-3] INFO ClassFileTransformer.lambda$logStatistics$16: classes ignored: 110
14:01:25.468 [Thread-3] INFO ClassFileTransformer.lambda$logStatistics$16: methods examined: 1032
14:01:25.468 [Thread-3] INFO ClassFileTransformer.lambda$logStatistics$16: methods instrumented: 0
14:01:25.471 [Thread-3] INFO ClassFileTransformer.lambda$logStatistics$16: === method call ===
14:01:25.471 [Thread-3] INFO ClassFileTransformer.lambda$logStatistics$16: +++ system hook +++
14:01:25.471 [Thread-3] INFO ClassFileTransformer.lambda$logStatistics$16: classes examined: 10
14:01:25.471 [Thread-3] INFO ClassFileTransformer.lambda$logStatistics$16: classes ignored: 10
14:01:25.471 [Thread-3] INFO ClassFileTransformer.lambda$logStatistics$16: methods examined: 87
14:01:25.471 [Thread-3] INFO ClassFileTransformer.lambda$logStatistics$16: methods instrumented: 0
14:01:25.471 [Thread-3] INFO ClassFileTransformer.lambda$logStatistics$16: === system hook ===
