#
# There is insufficient memory for the Java Runtime Environment to continue.
# Native memory allocation (malloc) failed to allocate 857696 bytes for Chunk::new
# Possible reasons:
#   The system is out of physical RAM or swap space
#   The process is running with CompressedOops enabled, and the Java Heap may be blocking the growth of the native heap
# Possible solutions:
#   Reduce memory load on the system
#   Increase physical memory or swap space
#   Check if swap backing store is full
#   Decrease Java heap size (-Xmx/-Xms)
#   Decrease number of Java threads
#   Decrease Java thread stack sizes (-Xss)
#   Set larger code cache with -XX:ReservedCodeCacheSize=
#   JVM is running with Unscaled Compressed Oops mode in which the Java heap is
#     placed in the first 4GB address space. The Java Heap base address is the
#     maximum limit for the native heap growth. Please use -XX:HeapBaseMinAddress
#     to set the Java Heap base and to place the Java Heap above 4GB virtual address.
# This output file may be truncated or incomplete.
#
#  Out of Memory Error (arena.cpp:191), pid=22864, tid=20320
#
# JRE version: OpenJDK Runtime Environment Temurin-17.0.10+7 (17.0.10+7) (build 17.0.10+7)
# Java VM: OpenJDK 64-Bit Server VM Temurin-17.0.10+7 (17.0.10+7, mixed mode, tiered, compressed oops, compressed class ptrs, parallel gc, windows-amd64)
# No core dump will be written. Minidumps are not enabled by default on client versions of Windows
#

---------------  S U M M A R Y ------------

Command Line: --add-modules=ALL-SYSTEM --add-opens=java.base/java.util=ALL-UNNAMED --add-opens=java.base/java.lang=ALL-UNNAMED --add-opens=java.base/sun.nio.fs=ALL-UNNAMED -Declipse.application=org.eclipse.jdt.ls.core.id1 -Dosgi.bundles.defaultStartLevel=4 -Declipse.product=org.eclipse.jdt.ls.core.product -Djava.import.generatesMetadataFilesAtProjectRoot=false -DDetectVMInstallationsJob.disabled=true -Dfile.encoding=utf8 -XX:+UseParallelGC -XX:GCTimeRatio=4 -XX:AdaptiveSizePolicyWeight=90 -Dsun.zip.disableMemoryMapping=true -Xmx1G -Xms100m -Xlog:disable -javaagent:c:\Users\micha\.vscode\extensions\redhat.java-1.30.0-win32-x64\lombok\lombok-1.18.32.jar -XX:+HeapDumpOnOutOfMemoryError -XX:HeapDumpPath=c:\Users\micha\AppData\Roaming\Code\User\workspaceStorage\f9b4046897cbd884777aaaa0a136d5f2\redhat.java -Daether.dependencyCollector.impl=bf c:\Users\micha\.vscode\extensions\redhat.java-1.30.0-win32-x64\server\plugins\org.eclipse.equinox.launcher_1.6.800.v20240330-1250.jar -configuration c:\Users\micha\AppData\Roaming\Code\User\globalStorage\redhat.java\1.30.0\config_win -data c:\Users\micha\AppData\Roaming\Code\User\workspaceStorage\f9b4046897cbd884777aaaa0a136d5f2\redhat.java\jdt_ws --pipe=\\.\pipe\lsp-a1dcde6cea7cedffe022b3129561c2c4-sock

Host: AMD Ryzen 7 7735HS with Radeon Graphics        , 16 cores, 15G,  Windows 11 , 64 bit Build 22621 (10.0.22621.3527)
Time: Mon May 13 23:59:17 2024 Stredoeurópsky 4 bit Build 22621 (10.0.22621.3527) elapsed time: 7.677736 seconds (0d 0h 0m 7s)

---------------  T H R E A D  ---------------

Current thread (0x000001eb7c2e82b0):  JavaThread "C2 CompilerThread7" daemon [_thread_in_native, id=20320, stack(0x0000001f76e00000,0x0000001f76f00000)]


Current CompileTask:
C2:   7677 10048       4       java.util.stream.SortedOps$SizedRefSortingSink::end (129 bytes)

Stack: [0x0000001f76e00000,0x0000001f76f00000]
Native frames: (J=compiled Java code, j=interpreted, Vv=VM code, C=native code)
V  [jvm.dll+0x67d2c9]
V  [jvm.dll+0x834afa]
V  [jvm.dll+0x8365be]
V  [jvm.dll+0x836c23]
V  [jvm.dll+0x2477ff]
V  [jvm.dll+0xac514]
V  [jvm.dll+0xacb5c]
V  [jvm.dll+0x2aed1f]
V  [jvm.dll+0x584b67]
V  [jvm.dll+0x2228a2]
V  [jvm.dll+0x21bb42]
V  [jvm.dll+0x219201]
V  [jvm.dll+0x1a502d]
V  [jvm.dll+0x2290de]
V  [jvm.dll+0x2272ac]
V  [jvm.dll+0x7e9bb7]
V  [jvm.dll+0x7e3fba]
V  [jvm.dll+0x67c1b5]
C  [ucrtbase.dll+0x29333]
C  [KERNEL32.DLL+0x1257d]
C  [ntdll.dll+0x5aa48]


---------------  P R O C E S S  ---------------

Threads class SMR info:
_java_thread_list=0x000001eb7a4ef860, length=63, elements={
0x000001eb5c55fa00, 0x000001eb703e6020, 0x000001eb703e6ea0, 0x000001eb75532e30,
0x000001eb75533cb0, 0x000001eb755352d0, 0x000001eb75564220, 0x000001eb5c60dfb0,
0x000001eb5c60e4d0, 0x000001eb7557ab80, 0x000001eb756d8ce0, 0x000001eb756e2b00,
0x000001eb756e30d0, 0x000001eb757536c0, 0x000001eb77669c80, 0x000001eb77833d10,
0x000001eb777ffe40, 0x000001eb77800860, 0x000001eb77801ca0, 0x000001eb778021b0,
0x000001eb778026c0, 0x000001eb777ff420, 0x000001eb77801790, 0x000001eb77800d70,
0x000001eb79213110, 0x000001eb7974fbf0, 0x000001eb79750100, 0x000001eb7974e2a0,
0x000001eb7974d370, 0x000001eb7974dd90, 0x000001eb7974d880, 0x000001eb79750610,
0x000001eb7974c950, 0x000001eb79749bc0, 0x000001eb7974b000, 0x000001eb797496b0,
0x000001eb7974c440, 0x000001eb7974a0d0, 0x000001eb7974ce60, 0x000001eb7974a5e0,
0x000001eb7974aaf0, 0x000001eb7974e7b0, 0x000001eb7974ecc0, 0x000001eb79750b20,
0x000001eb7974b510, 0x000001eb7974bf30, 0x000001eb7974f1d0, 0x000001eb7af61e60,
0x000001eb7aaa4330, 0x000001eb7974f6e0, 0x000001eb78066440, 0x000001eb78064af0,
0x000001eb78065a20, 0x000001eb780631a0, 0x000001eb78065000, 0x000001eb78060920,
0x000001eb78061340, 0x000001eb78061d60, 0x000001eb7c2e72c0, 0x000001eb7c2e9d40,
0x000001eb7c2e82b0, 0x000001eb78060410, 0x000001eb78062780
}

Java Threads: ( => current thread )
  0x000001eb5c55fa00 JavaThread "main" [_thread_blocked, id=27124, stack(0x0000001f72900000,0x0000001f72a00000)]
  0x000001eb703e6020 JavaThread "Reference Handler" daemon [_thread_blocked, id=3148, stack(0x0000001f72c00000,0x0000001f72d00000)]
  0x000001eb703e6ea0 JavaThread "Finalizer" daemon [_thread_blocked, id=15676, stack(0x0000001f72d00000,0x0000001f72e00000)]
  0x000001eb75532e30 JavaThread "Signal Dispatcher" daemon [_thread_blocked, id=1212, stack(0x0000001f72e00000,0x0000001f72f00000)]
  0x000001eb75533cb0 JavaThread "Attach Listener" daemon [_thread_blocked, id=24260, stack(0x0000001f72f00000,0x0000001f73000000)]
  0x000001eb755352d0 JavaThread "Service Thread" daemon [_thread_blocked, id=24300, stack(0x0000001f73000000,0x0000001f73100000)]
  0x000001eb75564220 JavaThread "Monitor Deflation Thread" daemon [_thread_blocked, id=25136, stack(0x0000001f73100000,0x0000001f73200000)]
  0x000001eb5c60dfb0 JavaThread "C2 CompilerThread0" daemon [_thread_blocked, id=24428, stack(0x0000001f73200000,0x0000001f73300000)]
  0x000001eb5c60e4d0 JavaThread "C1 CompilerThread0" daemon [_thread_blocked, id=25500, stack(0x0000001f73300000,0x0000001f73400000)]
  0x000001eb7557ab80 JavaThread "Sweeper thread" daemon [_thread_in_vm, id=20364, stack(0x0000001f73400000,0x0000001f73500000)]
  0x000001eb756d8ce0 JavaThread "Common-Cleaner" daemon [_thread_blocked, id=25488, stack(0x0000001f73500000,0x0000001f73600000)]
  0x000001eb756e2b00 JavaThread "C1 CompilerThread1" daemon [_thread_blocked, id=23756, stack(0x0000001f73600000,0x0000001f73700000)]
  0x000001eb756e30d0 JavaThread "C1 CompilerThread2" daemon [_thread_blocked, id=21764, stack(0x0000001f73700000,0x0000001f73800000)]
  0x000001eb757536c0 JavaThread "C2 CompilerThread1" daemon [_thread_blocked, id=3556, stack(0x0000001f73800000,0x0000001f73900000)]
  0x000001eb77669c80 JavaThread "C1 CompilerThread3" daemon [_thread_blocked, id=17284, stack(0x0000001f73a00000,0x0000001f73b00000)]
  0x000001eb77833d10 JavaThread "Notification Thread" daemon [_thread_blocked, id=9896, stack(0x0000001f73b00000,0x0000001f73c00000)]
  0x000001eb777ffe40 JavaThread "Active Thread: Equinox Container: f8eda8a7-8174-4232-8722-6f30f3262456" [_thread_blocked, id=26880, stack(0x0000001f74300000,0x0000001f74400000)]
  0x000001eb77800860 JavaThread "Framework Event Dispatcher: Equinox Container: f8eda8a7-8174-4232-8722-6f30f3262456" daemon [_thread_blocked, id=25408, stack(0x0000001f74400000,0x0000001f74500000)]
  0x000001eb77801ca0 JavaThread "Start Level: Equinox Container: f8eda8a7-8174-4232-8722-6f30f3262456" daemon [_thread_blocked, id=21904, stack(0x0000001f74500000,0x0000001f74600000)]
  0x000001eb778021b0 JavaThread "Bundle File Closer" daemon [_thread_blocked, id=8160, stack(0x0000001f74800000,0x0000001f74900000)]
  0x000001eb778026c0 JavaThread "SCR Component Actor" daemon [_thread_blocked, id=17428, stack(0x0000001f74a00000,0x0000001f74b00000)]
  0x000001eb777ff420 JavaThread "Worker-JM" [_thread_blocked, id=20872, stack(0x0000001f73d00000,0x0000001f73e00000)]
  0x000001eb77801790 JavaThread "Worker-0" [_thread_blocked, id=24348, stack(0x0000001f73900000,0x0000001f73a00000)]
  0x000001eb77800d70 JavaThread "Worker-1: Initialize workspace" [_thread_blocked, id=15448, stack(0x0000001f74f00000,0x0000001f75000000)]
  0x000001eb79213110 JavaThread "C2 CompilerThread2" daemon [_thread_blocked, id=2404, stack(0x0000001f75100000,0x0000001f75200000)]
  0x000001eb7974fbf0 JavaThread "Java indexing" daemon [_thread_blocked, id=28012, stack(0x0000001f75200000,0x0000001f75300000)]
  0x000001eb79750100 JavaThread "JNA Cleaner" daemon [_thread_blocked, id=24248, stack(0x0000001f75300000,0x0000001f75400000)]
  0x000001eb7974e2a0 JavaThread "Thread-2" daemon [_thread_in_native, id=15880, stack(0x0000001f75600000,0x0000001f75700000)]
  0x000001eb7974d370 JavaThread "Thread-3" daemon [_thread_in_native, id=14228, stack(0x0000001f75700000,0x0000001f75800000)]
  0x000001eb7974dd90 JavaThread "Thread-4" daemon [_thread_in_native, id=7104, stack(0x0000001f75800000,0x0000001f75900000)]
  0x000001eb7974d880 JavaThread "Thread-5" daemon [_thread_in_native, id=19800, stack(0x0000001f75900000,0x0000001f75a00000)]
  0x000001eb79750610 JavaThread "Thread-6" daemon [_thread_in_native, id=26668, stack(0x0000001f75a00000,0x0000001f75b00000)]
  0x000001eb7974c950 JavaThread "Thread-7" daemon [_thread_in_native, id=23424, stack(0x0000001f75b00000,0x0000001f75c00000)]
  0x000001eb79749bc0 JavaThread "Thread-8" daemon [_thread_in_native, id=28504, stack(0x0000001f75c00000,0x0000001f75d00000)]
  0x000001eb7974b000 JavaThread "Thread-9" daemon [_thread_in_native, id=16756, stack(0x0000001f75d00000,0x0000001f75e00000)]
  0x000001eb797496b0 JavaThread "Thread-10" daemon [_thread_in_native, id=27464, stack(0x0000001f75e00000,0x0000001f75f00000)]
  0x000001eb7974c440 JavaThread "Thread-11" daemon [_thread_in_native, id=17120, stack(0x0000001f75f00000,0x0000001f76000000)]
  0x000001eb7974a0d0 JavaThread "Thread-12" daemon [_thread_in_native, id=26564, stack(0x0000001f76000000,0x0000001f76100000)]
  0x000001eb7974ce60 JavaThread "Thread-13" daemon [_thread_in_native, id=4496, stack(0x0000001f76100000,0x0000001f76200000)]
  0x000001eb7974a5e0 JavaThread "Thread-14" daemon [_thread_in_native, id=28108, stack(0x0000001f76200000,0x0000001f76300000)]
  0x000001eb7974aaf0 JavaThread "Thread-15" daemon [_thread_in_native, id=22688, stack(0x0000001f76300000,0x0000001f76400000)]
  0x000001eb7974e7b0 JavaThread "Thread-16" daemon [_thread_in_native, id=24936, stack(0x0000001f76400000,0x0000001f76500000)]
  0x000001eb7974ecc0 JavaThread "Thread-17" daemon [_thread_in_native, id=28052, stack(0x0000001f76500000,0x0000001f76600000)]
  0x000001eb79750b20 JavaThread "Thread-18" daemon [_thread_in_native, id=27564, stack(0x0000001f76600000,0x0000001f76700000)]
  0x000001eb7974b510 JavaThread "pool-2-thread-1" [_thread_blocked, id=22948, stack(0x0000001f76700000,0x0000001f76800000)]
  0x000001eb7974bf30 JavaThread "WorkspaceEventsHandler" [_thread_blocked, id=25060, stack(0x0000001f76800000,0x0000001f76900000)]
  0x000001eb7974f1d0 JavaThread "pool-1-thread-1" [_thread_blocked, id=28520, stack(0x0000001f76900000,0x0000001f76a00000)]
  0x000001eb7af61e60 JavaThread "C2 CompilerThread3" daemon [_thread_blocked, id=23924, stack(0x0000001f76a00000,0x0000001f76b00000)]
  0x000001eb7aaa4330 JavaThread "C2 CompilerThread4" daemon [_thread_in_native, id=24464, stack(0x0000001f76b00000,0x0000001f76c00000)]
  0x000001eb7974f6e0 JavaThread "Worker-2" [_thread_blocked, id=20376, stack(0x0000001f76f00000,0x0000001f77000000)]
  0x000001eb78066440 JavaThread "Worker-3" [_thread_blocked, id=25620, stack(0x0000001f77000000,0x0000001f77100000)]
  0x000001eb78064af0 JavaThread "Worker-4" [_thread_blocked, id=24308, stack(0x0000001f77100000,0x0000001f77200000)]
  0x000001eb78065a20 JavaThread "ForkJoinPool.commonPool-worker-1" daemon [_thread_blocked, id=26864, stack(0x0000001f77200000,0x0000001f77300000)]
  0x000001eb780631a0 JavaThread "ForkJoinPool.commonPool-worker-2" daemon [_thread_blocked, id=14632, stack(0x0000001f77300000,0x0000001f77400000)]
  0x000001eb78065000 JavaThread "ForkJoinPool.commonPool-worker-3" daemon [_thread_blocked, id=25480, stack(0x0000001f77400000,0x0000001f77500000)]
  0x000001eb78060920 JavaThread "ForkJoinPool.commonPool-worker-4" daemon [_thread_in_native, id=5104, stack(0x0000001f77500000,0x0000001f77600000)]
  0x000001eb78061340 JavaThread "ForkJoinPool.commonPool-worker-5" daemon [_thread_blocked, id=13144, stack(0x0000001f77600000,0x0000001f77700000)]
  0x000001eb78061d60 JavaThread "ForkJoinPool.commonPool-worker-6" daemon [_thread_blocked, id=24612, stack(0x0000001f77700000,0x0000001f77800000)]
  0x000001eb7c2e72c0 JavaThread "C2 CompilerThread5" daemon [_thread_blocked, id=896, stack(0x0000001f76c00000,0x0000001f76d00000)]
  0x000001eb7c2e9d40 JavaThread "C2 CompilerThread6" daemon [_thread_blocked, id=22744, stack(0x0000001f76d00000,0x0000001f76e00000)]
=>0x000001eb7c2e82b0 JavaThread "C2 CompilerThread7" daemon [_thread_in_native, id=20320, stack(0x0000001f76e00000,0x0000001f76f00000)]
  0x000001eb78060410 JavaThread "ForkJoinPool.commonPool-worker-7" daemon [_thread_blocked, id=17872, stack(0x0000001f77800000,0x0000001f77900000)]
  0x000001eb78062780 JavaThread "ForkJoinPool.commonPool-worker-8" daemon [_thread_blocked, id=5960, stack(0x0000001f77900000,0x0000001f77a00000)]

Other Threads:
  0x000001eb5c607bf0 VMThread "VM Thread" [stack: 0x0000001f72b00000,0x0000001f72c00000] [id=2336]
  0x000001eb77710870 WatcherThread [stack: 0x0000001f73c00000,0x0000001f73d00000] [id=25792]
  0x000001eb5c575870 GCTaskThread "GC Thread#0" [stack: 0x0000001f72a00000,0x0000001f72b00000] [id=23176]
  0x000001eb77effad0 GCTaskThread "GC Thread#1" [stack: 0x0000001f73e00000,0x0000001f73f00000] [id=20984]
  0x000001eb77f001a0 GCTaskThread "GC Thread#2" [stack: 0x0000001f73f00000,0x0000001f74000000] [id=26048]
  0x000001eb77d404e0 GCTaskThread "GC Thread#3" [stack: 0x0000001f74000000,0x0000001f74100000] [id=26832]
  0x000001eb77d407a0 GCTaskThread "GC Thread#4" [stack: 0x0000001f74100000,0x0000001f74200000] [id=21408]
  0x000001eb77d40a60 GCTaskThread "GC Thread#5" [stack: 0x0000001f74200000,0x0000001f74300000] [id=27552]
  0x000001eb7804d2d0 GCTaskThread "GC Thread#6" [stack: 0x0000001f74600000,0x0000001f74700000] [id=7092]
  0x000001eb7805d9e0 GCTaskThread "GC Thread#7" [stack: 0x0000001f74700000,0x0000001f74800000] [id=22340]
  0x000001eb7883a9c0 GCTaskThread "GC Thread#8" [stack: 0x0000001f74900000,0x0000001f74a00000] [id=16848]
  0x000001eb78954fb0 GCTaskThread "GC Thread#9" [stack: 0x0000001f74c00000,0x0000001f74d00000] [id=17276]
  0x000001eb78c13e30 GCTaskThread "GC Thread#10" [stack: 0x0000001f74d00000,0x0000001f74e00000] [id=21188]
  0x000001eb785f6990 GCTaskThread "GC Thread#11" [stack: 0x0000001f74e00000,0x0000001f74f00000] [id=28288]
  0x000001eb78b4fb60 GCTaskThread "GC Thread#12" [stack: 0x0000001f75000000,0x0000001f75100000] [id=25748]

Threads with active compile tasks:
C2 CompilerThread4     7698 10058   !   4       com.google.inject.spi.InjectionPoint::getInjectionPoints (491 bytes)
C2 CompilerThread7     7698 10048       4       java.util.stream.SortedOps$SizedRefSortingSink::end (129 bytes)

VM state: not at safepoint (normal execution)

VM Mutex/Monitor currently owned by a thread:  ([mutex/lock_event])
[0x000001eb5c55c0c0] CompiledIC_lock - owner thread: 0x000001eb7557ab80

Heap address: 0x00000000c0000000, size: 1024 MB, Compressed Oops mode: 32-bit

CDS archive(s) not mapped
Compressed class space mapped at: 0x0000000100000000-0x0000000140000000, reserved size: 1073741824
Narrow klass base: 0x0000000000000000, Narrow klass shift: 3, Narrow klass range: 0x140000000

GC Precious Log:
 CPUs: 16 total, 16 available
 Memory: 15610M
 Large Page Support: Disabled
 NUMA Support: Disabled
 Compressed Oops: Enabled (32-bit)
 Alignments: Space 512K, Generation 512K, Heap 2M
 Heap Min Capacity: 100M
 Heap Initial Capacity: 100M
 Heap Max Capacity: 1G
 Pre-touch: Disabled
 Parallel Workers: 13

Heap:
 PSYoungGen      total 20992K, used 16402K [0x00000000eab00000, 0x00000000ec280000, 0x0000000100000000)
  eden space 18944K, 78% used [0x00000000eab00000,0x00000000eb96f940,0x00000000ebd80000)
  from space 2048K, 79% used [0x00000000ec080000,0x00000000ec2150d0,0x00000000ec280000)
  to   space 2048K, 0% used [0x00000000ebe80000,0x00000000ebe80000,0x00000000ec080000)
 ParOldGen       total 68608K, used 62222K [0x00000000c0000000, 0x00000000c4300000, 0x00000000eab00000)
  object space 68608K, 90% used [0x00000000c0000000,0x00000000c3cc3808,0x00000000c4300000)
 Metaspace       used 70356K, committed 71808K, reserved 1114112K
  class space    used 7477K, committed 8128K, reserved 1048576K

Card table byte_map: [0x000001eb5bef0000,0x000001eb5c100000] _byte_map_base: 0x000001eb5b8f0000

Marking Bits: (ParMarkBitMap*) 0x00007ff9680cd7d0
 Begin Bits: [0x000001eb6e1f0000, 0x000001eb6f1f0000)
 End Bits:   [0x000001eb6f1f0000, 0x000001eb701f0000)

Polling page: 0x000001eb5a4c0000

Metaspace:

Usage:
  Non-class:     61.41 MB used.
      Class:      7.30 MB used.
       Both:     68.71 MB used.

Virtual space:
  Non-class space:       64.00 MB reserved,      62.19 MB ( 97%) committed,  1 nodes.
      Class space:        1.00 GB reserved,       7.94 MB ( <1%) committed,  1 nodes.
             Both:        1.06 GB reserved,      70.12 MB (  6%) committed. 

Chunk freelists:
   Non-Class:  1.23 MB
       Class:  7.92 MB
        Both:  9.16 MB

MaxMetaspaceSize: unlimited
CompressedClassSpaceSize: 1.00 GB
Initial GC threshold: 21.00 MB
Current GC threshold: 97.31 MB
CDS: off
MetaspaceReclaimPolicy: balanced
 - commit_granule_bytes: 65536.
 - commit_granule_words: 8192.
 - virtual_space_node_default_size: 8388608.
 - enlarge_chunks_in_place: 1.
 - new_chunks_are_fully_committed: 0.
 - uncommit_free_chunks: 1.
 - use_allocation_guard: 0.
 - handle_deallocations: 1.


Internal statistics:

num_allocs_failed_limit: 9.
num_arena_births: 898.
num_arena_deaths: 14.
num_vsnodes_births: 2.
num_vsnodes_deaths: 0.
num_space_committed: 1122.
num_space_uncommitted: 0.
num_chunks_returned_to_freelist: 23.
num_chunks_taken_from_freelist: 3787.
num_chunk_merges: 14.
num_chunk_splits: 2380.
num_chunks_enlarged: 1400.
num_inconsistent_stats: 0.

CodeHeap 'non-profiled nmethods': size=119168Kb used=6029Kb max_used=6056Kb free=113138Kb
 bounds [0x000001eb66d90000, 0x000001eb67380000, 0x000001eb6e1f0000]
CodeHeap 'profiled nmethods': size=119104Kb used=18483Kb max_used=18483Kb free=100620Kb
 bounds [0x000001eb5f1f0000, 0x000001eb60400000, 0x000001eb66640000]
CodeHeap 'non-nmethods': size=7488Kb used=3059Kb max_used=3155Kb free=4428Kb
 bounds [0x000001eb66640000, 0x000001eb66960000, 0x000001eb66d90000]
 total_blobs=9393 nmethods=8674 adapters=626
 compilation: enabled
              stopped_count=0, restarted_count=0
 full_count=0

Compilation events (20 events):
Event: 7.667 Thread 0x000001eb756e30d0 10127       3       ch.qos.logback.classic.spi.EventArgUtil::successfulExtraction (10 bytes)
Event: 7.667 Thread 0x000001eb77669c80 10128       3       ch.qos.logback.classic.LoggerContext::noAppenderDefinedWarning (45 bytes)
Event: 7.667 Thread 0x000001eb756e30d0 nmethod 10127 0x000001eb603f4190 code [0x000001eb603f4320, 0x000001eb603f4478]
Event: 7.668 Thread 0x000001eb756e2b00 nmethod 10129 0x000001eb603f4510 code [0x000001eb603f46e0, 0x000001eb603f4a38]
Event: 7.668 Thread 0x000001eb756e30d0 10121       3       java.time.Clock$SystemClock::instant (4 bytes)
Event: 7.668 Thread 0x000001eb756e2b00 10122       3       ch.qos.logback.classic.spi.LoggingEvent::initTmestampFields (41 bytes)
Event: 7.668 Thread 0x000001eb756e30d0 nmethod 10121 0x000001eb603f4b90 code [0x000001eb603f4d20, 0x000001eb603f4e48]
Event: 7.668 Thread 0x000001eb756e30d0 10123       3       ch.qos.logback.classic.spi.LoggingEvent::extractThrowableAnRearrangeArguments (22 bytes)
Event: 7.668 Thread 0x000001eb756e2b00 nmethod 10122 0x000001eb603f4f10 code [0x000001eb603f50a0, 0x000001eb603f5258]
Event: 7.668 Thread 0x000001eb756e2b00 10124       3       ch.qos.logback.classic.spi.EventArgUtil::extractThrowable (32 bytes)
Event: 7.668 Thread 0x000001eb5c60e4d0 nmethod 10119 0x000001eb603f5390 code [0x000001eb603f55e0, 0x000001eb603f5ea8]
Event: 7.668 Thread 0x000001eb756e2b00 nmethod 10124 0x000001eb603f6290 code [0x000001eb603f6440, 0x000001eb603f6838]
Event: 7.668 Thread 0x000001eb756e30d0 nmethod 10123 0x000001eb603f6910 code [0x000001eb603f6ae0, 0x000001eb603f7068]
Event: 7.668 Thread 0x000001eb7af61e60 nmethod 10126 0x000001eb67378890 code [0x000001eb67378a20, 0x000001eb67378b78]
Event: 7.669 Thread 0x000001eb7c2e72c0 nmethod 10125 0x000001eb67378c90 code [0x000001eb67378e20, 0x000001eb67379038]
Event: 7.670 Thread 0x000001eb77669c80 nmethod 10128 0x000001eb603f7210 code [0x000001eb603f7640, 0x000001eb603f97b8]
Event: 7.675 Thread 0x000001eb756e30d0 10131       3       sun.nio.ch.Invoker$GroupAndInvokeCount::resetInvokeCount (6 bytes)
Event: 7.675 Thread 0x000001eb5c60e4d0 10132       3       org.eclipse.core.internal.resources.Workspace::getWorkManager (30 bytes)
Event: 7.675 Thread 0x000001eb756e30d0 nmethod 10131 0x000001eb603fa490 code [0x000001eb603fa620, 0x000001eb603fa738]
Event: 7.676 Thread 0x000001eb5c60e4d0 nmethod 10132 0x000001eb603fa810 code [0x000001eb603fa9c0, 0x000001eb603fac08]

GC Heap History (20 events):
Event: 6.501 GC heap before
{Heap before GC invocations=44 (full 3):
 PSYoungGen      total 24064K, used 24000K [0x00000000eab00000, 0x00000000ec500000, 0x0000000100000000)
  eden space 21504K, 100% used [0x00000000eab00000,0x00000000ec000000,0x00000000ec000000)
  from space 2560K, 97% used [0x00000000ec280000,0x00000000ec4f0010,0x00000000ec500000)
  to   space 2560K, 0% used [0x00000000ec000000,0x00000000ec000000,0x00000000ec280000)
 ParOldGen       total 68608K, used 49391K [0x00000000c0000000, 0x00000000c4300000, 0x00000000eab00000)
  object space 68608K, 71% used [0x00000000c0000000,0x00000000c303bef8,0x00000000c4300000)
 Metaspace       used 64163K, committed 65344K, reserved 1114112K
  class space    used 6809K, committed 7296K, reserved 1048576K
}
Event: 6.503 GC heap after
{Heap after GC invocations=44 (full 3):
 PSYoungGen      total 23040K, used 1504K [0x00000000eab00000, 0x00000000ec400000, 0x0000000100000000)
  eden space 21504K, 0% used [0x00000000eab00000,0x00000000eab00000,0x00000000ec000000)
  from space 1536K, 97% used [0x00000000ec000000,0x00000000ec178000,0x00000000ec180000)
  to   space 2048K, 0% used [0x00000000ec200000,0x00000000ec200000,0x00000000ec400000)
 ParOldGen       total 68608K, used 51711K [0x00000000c0000000, 0x00000000c4300000, 0x00000000eab00000)
  object space 68608K, 75% used [0x00000000c0000000,0x00000000c327ff08,0x00000000c4300000)
 Metaspace       used 64163K, committed 65344K, reserved 1114112K
  class space    used 6809K, committed 7296K, reserved 1048576K
}
Event: 6.561 GC heap before
{Heap before GC invocations=45 (full 3):
 PSYoungGen      total 23040K, used 23007K [0x00000000eab00000, 0x00000000ec400000, 0x0000000100000000)
  eden space 21504K, 99% used [0x00000000eab00000,0x00000000ebfffff8,0x00000000ec000000)
  from space 1536K, 97% used [0x00000000ec000000,0x00000000ec178000,0x00000000ec180000)
  to   space 2048K, 0% used [0x00000000ec200000,0x00000000ec200000,0x00000000ec400000)
 ParOldGen       total 68608K, used 51711K [0x00000000c0000000, 0x00000000c4300000, 0x00000000eab00000)
  object space 68608K, 75% used [0x00000000c0000000,0x00000000c327ff08,0x00000000c4300000)
 Metaspace       used 64632K, committed 65920K, reserved 1114112K
  class space    used 6852K, committed 7424K, reserved 1048576K
}
Event: 6.562 GC heap after
{Heap after GC invocations=45 (full 3):
 PSYoungGen      total 23040K, used 1296K [0x00000000eab00000, 0x00000000ec380000, 0x0000000100000000)
  eden space 21504K, 0% used [0x00000000eab00000,0x00000000eab00000,0x00000000ec000000)
  from space 1536K, 84% used [0x00000000ec200000,0x00000000ec344180,0x00000000ec380000)
  to   space 1536K, 0% used [0x00000000ec000000,0x00000000ec000000,0x00000000ec180000)
 ParOldGen       total 68608K, used 53071K [0x00000000c0000000, 0x00000000c4300000, 0x00000000eab00000)
  object space 68608K, 77% used [0x00000000c0000000,0x00000000c33d3f08,0x00000000c4300000)
 Metaspace       used 64632K, committed 65920K, reserved 1114112K
  class space    used 6852K, committed 7424K, reserved 1048576K
}
Event: 6.605 GC heap before
{Heap before GC invocations=46 (full 3):
 PSYoungGen      total 23040K, used 22800K [0x00000000eab00000, 0x00000000ec380000, 0x0000000100000000)
  eden space 21504K, 100% used [0x00000000eab00000,0x00000000ec000000,0x00000000ec000000)
  from space 1536K, 84% used [0x00000000ec200000,0x00000000ec344180,0x00000000ec380000)
  to   space 1536K, 0% used [0x00000000ec000000,0x00000000ec000000,0x00000000ec180000)
 ParOldGen       total 68608K, used 53071K [0x00000000c0000000, 0x00000000c4300000, 0x00000000eab00000)
  object space 68608K, 77% used [0x00000000c0000000,0x00000000c33d3f08,0x00000000c4300000)
 Metaspace       used 64875K, committed 66112K, reserved 1114112K
  class space    used 6893K, committed 7424K, reserved 1048576K
}
Event: 6.608 GC heap after
{Heap after GC invocations=46 (full 3):
 PSYoungGen      total 23040K, used 1528K [0x00000000eab00000, 0x00000000ec600000, 0x0000000100000000)
  eden space 21504K, 0% used [0x00000000eab00000,0x00000000eab00000,0x00000000ec000000)
  from space 1536K, 99% used [0x00000000ec000000,0x00000000ec17e300,0x00000000ec180000)
  to   space 3072K, 0% used [0x00000000ec300000,0x00000000ec300000,0x00000000ec600000)
 ParOldGen       total 68608K, used 54199K [0x00000000c0000000, 0x00000000c4300000, 0x00000000eab00000)
  object space 68608K, 78% used [0x00000000c0000000,0x00000000c34ede78,0x00000000c4300000)
 Metaspace       used 64875K, committed 66112K, reserved 1114112K
  class space    used 6893K, committed 7424K, reserved 1048576K
}
Event: 6.653 GC heap before
{Heap before GC invocations=47 (full 3):
 PSYoungGen      total 23040K, used 23032K [0x00000000eab00000, 0x00000000ec600000, 0x0000000100000000)
  eden space 21504K, 100% used [0x00000000eab00000,0x00000000ec000000,0x00000000ec000000)
  from space 1536K, 99% used [0x00000000ec000000,0x00000000ec17e300,0x00000000ec180000)
  to   space 3072K, 0% used [0x00000000ec300000,0x00000000ec300000,0x00000000ec600000)
 ParOldGen       total 68608K, used 54199K [0x00000000c0000000, 0x00000000c4300000, 0x00000000eab00000)
  object space 68608K, 78% used [0x00000000c0000000,0x00000000c34ede78,0x00000000c4300000)
 Metaspace       used 65115K, committed 66368K, reserved 1114112K
  class space    used 6917K, committed 7488K, reserved 1048576K
}
Event: 6.656 GC heap after
{Heap after GC invocations=47 (full 3):
 PSYoungGen      total 22528K, used 768K [0x00000000eab00000, 0x00000000ec400000, 0x0000000100000000)
  eden space 21504K, 0% used [0x00000000eab00000,0x00000000eab00000,0x00000000ec000000)
  from space 1024K, 75% used [0x00000000ec300000,0x00000000ec3c0000,0x00000000ec400000)
  to   space 1536K, 0% used [0x00000000ec100000,0x00000000ec100000,0x00000000ec280000)
 ParOldGen       total 68608K, used 55485K [0x00000000c0000000, 0x00000000c4300000, 0x00000000eab00000)
  object space 68608K, 80% used [0x00000000c0000000,0x00000000c362f770,0x00000000c4300000)
 Metaspace       used 65115K, committed 66368K, reserved 1114112K
  class space    used 6917K, committed 7488K, reserved 1048576K
}
Event: 6.703 GC heap before
{Heap before GC invocations=48 (full 3):
 PSYoungGen      total 22528K, used 22272K [0x00000000eab00000, 0x00000000ec400000, 0x0000000100000000)
  eden space 21504K, 100% used [0x00000000eab00000,0x00000000ec000000,0x00000000ec000000)
  from space 1024K, 75% used [0x00000000ec300000,0x00000000ec3c0000,0x00000000ec400000)
  to   space 1536K, 0% used [0x00000000ec100000,0x00000000ec100000,0x00000000ec280000)
 ParOldGen       total 68608K, used 55485K [0x00000000c0000000, 0x00000000c4300000, 0x00000000eab00000)
  object space 68608K, 80% used [0x00000000c0000000,0x00000000c362f770,0x00000000c4300000)
 Metaspace       used 65409K, committed 66624K, reserved 1114112K
  class space    used 6944K, committed 7488K, reserved 1048576K
}
Event: 6.706 GC heap after
{Heap after GC invocations=48 (full 3):
 PSYoungGen      total 23040K, used 1533K [0x00000000eab00000, 0x00000000ec400000, 0x0000000100000000)
  eden space 21504K, 0% used [0x00000000eab00000,0x00000000eab00000,0x00000000ec000000)
  from space 1536K, 99% used [0x00000000ec100000,0x00000000ec27f780,0x00000000ec280000)
  to   space 1536K, 0% used [0x00000000ec280000,0x00000000ec280000,0x00000000ec400000)
 ParOldGen       total 68608K, used 55691K [0x00000000c0000000, 0x00000000c4300000, 0x00000000eab00000)
  object space 68608K, 81% used [0x00000000c0000000,0x00000000c3662ed0,0x00000000c4300000)
 Metaspace       used 65409K, committed 66624K, reserved 1114112K
  class space    used 6944K, committed 7488K, reserved 1048576K
}
Event: 6.746 GC heap before
{Heap before GC invocations=49 (full 3):
 PSYoungGen      total 23040K, used 23037K [0x00000000eab00000, 0x00000000ec400000, 0x0000000100000000)
  eden space 21504K, 100% used [0x00000000eab00000,0x00000000ec000000,0x00000000ec000000)
  from space 1536K, 99% used [0x00000000ec100000,0x00000000ec27f780,0x00000000ec280000)
  to   space 1536K, 0% used [0x00000000ec280000,0x00000000ec280000,0x00000000ec400000)
 ParOldGen       total 68608K, used 55691K [0x00000000c0000000, 0x00000000c4300000, 0x00000000eab00000)
  object space 68608K, 81% used [0x00000000c0000000,0x00000000c3662ed0,0x00000000c4300000)
 Metaspace       used 65699K, committed 66944K, reserved 1114112K
  class space    used 6966K, committed 7552K, reserved 1048576K
}
Event: 6.748 GC heap after
{Heap after GC invocations=49 (full 3):
 PSYoungGen      total 23040K, used 1324K [0x00000000eab00000, 0x00000000ec400000, 0x0000000100000000)
  eden space 21504K, 0% used [0x00000000eab00000,0x00000000eab00000,0x00000000ec000000)
  from space 1536K, 86% used [0x00000000ec280000,0x00000000ec3cb070,0x00000000ec400000)
  to   space 1536K, 0% used [0x00000000ec100000,0x00000000ec100000,0x00000000ec280000)
 ParOldGen       total 68608K, used 56991K [0x00000000c0000000, 0x00000000c4300000, 0x00000000eab00000)
  object space 68608K, 83% used [0x00000000c0000000,0x00000000c37a7d38,0x00000000c4300000)
 Metaspace       used 65699K, committed 66944K, reserved 1114112K
  class space    used 6966K, committed 7552K, reserved 1048576K
}
Event: 6.788 GC heap before
{Heap before GC invocations=50 (full 3):
 PSYoungGen      total 23040K, used 22828K [0x00000000eab00000, 0x00000000ec400000, 0x0000000100000000)
  eden space 21504K, 100% used [0x00000000eab00000,0x00000000ec000000,0x00000000ec000000)
  from space 1536K, 86% used [0x00000000ec280000,0x00000000ec3cb070,0x00000000ec400000)
  to   space 1536K, 0% used [0x00000000ec100000,0x00000000ec100000,0x00000000ec280000)
 ParOldGen       total 68608K, used 56991K [0x00000000c0000000, 0x00000000c4300000, 0x00000000eab00000)
  object space 68608K, 83% used [0x00000000c0000000,0x00000000c37a7d38,0x00000000c4300000)
 Metaspace       used 65840K, committed 67136K, reserved 1114112K
  class space    used 6974K, committed 7552K, reserved 1048576K
}
Event: 6.793 GC heap after
{Heap after GC invocations=50 (full 3):
 PSYoungGen      total 22528K, used 960K [0x00000000eab00000, 0x00000000ec300000, 0x0000000100000000)
  eden space 21504K, 0% used [0x00000000eab00000,0x00000000eab00000,0x00000000ec000000)
  from space 1024K, 93% used [0x00000000ec100000,0x00000000ec1f0208,0x00000000ec200000)
  to   space 1024K, 0% used [0x00000000ec200000,0x00000000ec200000,0x00000000ec300000)
 ParOldGen       total 68608K, used 58163K [0x00000000c0000000, 0x00000000c4300000, 0x00000000eab00000)
  object space 68608K, 84% used [0x00000000c0000000,0x00000000c38ccdf8,0x00000000c4300000)
 Metaspace       used 65840K, committed 67136K, reserved 1114112K
  class space    used 6974K, committed 7552K, reserved 1048576K
}
Event: 7.049 GC heap before
{Heap before GC invocations=51 (full 3):
 PSYoungGen      total 22528K, used 22464K [0x00000000eab00000, 0x00000000ec300000, 0x0000000100000000)
  eden space 21504K, 100% used [0x00000000eab00000,0x00000000ec000000,0x00000000ec000000)
  from space 1024K, 93% used [0x00000000ec100000,0x00000000ec1f0208,0x00000000ec200000)
  to   space 1024K, 0% used [0x00000000ec200000,0x00000000ec200000,0x00000000ec300000)
 ParOldGen       total 68608K, used 58163K [0x00000000c0000000, 0x00000000c4300000, 0x00000000eab00000)
  object space 68608K, 84% used [0x00000000c0000000,0x00000000c38ccdf8,0x00000000c4300000)
 Metaspace       used 67457K, committed 68800K, reserved 1114112K
  class space    used 7148K, committed 7744K, reserved 1048576K
}
Event: 7.051 GC heap after
{Heap after GC invocations=51 (full 3):
 PSYoungGen      total 19968K, used 1020K [0x00000000eab00000, 0x00000000ec900000, 0x0000000100000000)
  eden space 18944K, 0% used [0x00000000eab00000,0x00000000eab00000,0x00000000ebd80000)
  from space 1024K, 99% used [0x00000000ec200000,0x00000000ec2ff368,0x00000000ec300000)
  to   space 4608K, 0% used [0x00000000ebd80000,0x00000000ebd80000,0x00000000ec200000)
 ParOldGen       total 68608K, used 60920K [0x00000000c0000000, 0x00000000c4300000, 0x00000000eab00000)
  object space 68608K, 88% used [0x00000000c0000000,0x00000000c3b7e290,0x00000000c4300000)
 Metaspace       used 67457K, committed 68800K, reserved 1114112K
  class space    used 7148K, committed 7744K, reserved 1048576K
}
Event: 7.152 GC heap before
{Heap before GC invocations=52 (full 3):
 PSYoungGen      total 19968K, used 19964K [0x00000000eab00000, 0x00000000ec900000, 0x0000000100000000)
  eden space 18944K, 100% used [0x00000000eab00000,0x00000000ebd80000,0x00000000ebd80000)
  from space 1024K, 99% used [0x00000000ec200000,0x00000000ec2ff368,0x00000000ec300000)
  to   space 4608K, 0% used [0x00000000ebd80000,0x00000000ebd80000,0x00000000ec200000)
 ParOldGen       total 68608K, used 60920K [0x00000000c0000000, 0x00000000c4300000, 0x00000000eab00000)
  object space 68608K, 88% used [0x00000000c0000000,0x00000000c3b7e290,0x00000000c4300000)
 Metaspace       used 68510K, committed 69824K, reserved 1114112K
  class space    used 7270K, committed 7872K, reserved 1048576K
}
Event: 7.154 GC heap after
{Heap after GC invocations=52 (full 3):
 PSYoungGen      total 19968K, used 736K [0x00000000eab00000, 0x00000000ec280000, 0x0000000100000000)
  eden space 18944K, 0% used [0x00000000eab00000,0x00000000eab00000,0x00000000ebd80000)
  from space 1024K, 71% used [0x00000000ebd80000,0x00000000ebe38000,0x00000000ebe80000)
  to   space 2048K, 0% used [0x00000000ec080000,0x00000000ec080000,0x00000000ec280000)
 ParOldGen       total 68608K, used 61875K [0x00000000c0000000, 0x00000000c4300000, 0x00000000eab00000)
  object space 68608K, 90% used [0x00000000c0000000,0x00000000c3c6cf08,0x00000000c4300000)
 Metaspace       used 68510K, committed 69824K, reserved 1114112K
  class space    used 7270K, committed 7872K, reserved 1048576K
}
Event: 7.492 GC heap before
{Heap before GC invocations=53 (full 3):
 PSYoungGen      total 19968K, used 19680K [0x00000000eab00000, 0x00000000ec280000, 0x0000000100000000)
  eden space 18944K, 100% used [0x00000000eab00000,0x00000000ebd80000,0x00000000ebd80000)
  from space 1024K, 71% used [0x00000000ebd80000,0x00000000ebe38000,0x00000000ebe80000)
  to   space 2048K, 0% used [0x00000000ec080000,0x00000000ec080000,0x00000000ec280000)
 ParOldGen       total 68608K, used 61875K [0x00000000c0000000, 0x00000000c4300000, 0x00000000eab00000)
  object space 68608K, 90% used [0x00000000c0000000,0x00000000c3c6cf08,0x00000000c4300000)
 Metaspace       used 69615K, committed 70912K, reserved 1114112K
  class space    used 7401K, committed 8000K, reserved 1048576K
}
Event: 7.494 GC heap after
{Heap after GC invocations=53 (full 3):
 PSYoungGen      total 20992K, used 1620K [0x00000000eab00000, 0x00000000ec280000, 0x0000000100000000)
  eden space 18944K, 0% used [0x00000000eab00000,0x00000000eab00000,0x00000000ebd80000)
  from space 2048K, 79% used [0x00000000ec080000,0x00000000ec2150d0,0x00000000ec280000)
  to   space 2048K, 0% used [0x00000000ebe80000,0x00000000ebe80000,0x00000000ec080000)
 ParOldGen       total 68608K, used 62222K [0x00000000c0000000, 0x00000000c4300000, 0x00000000eab00000)
  object space 68608K, 90% used [0x00000000c0000000,0x00000000c3cc3808,0x00000000c4300000)
 Metaspace       used 69615K, committed 70912K, reserved 1114112K
  class space    used 7401K, committed 8000K, reserved 1048576K
}

Dll operation events (10 events):
Event: 0.008 Loaded shared library c:\Users\micha\.vscode\extensions\redhat.java-1.30.0-win32-x64\jre\17.0.10-win32-x86_64\bin\java.dll
Event: 0.103 Loaded shared library c:\Users\micha\.vscode\extensions\redhat.java-1.30.0-win32-x64\jre\17.0.10-win32-x86_64\bin\zip.dll
Event: 0.105 Loaded shared library C:\Users\micha\.vscode\extensions\redhat.java-1.30.0-win32-x64\jre\17.0.10-win32-x86_64\bin\instrument.dll
Event: 0.112 Loaded shared library C:\Users\micha\.vscode\extensions\redhat.java-1.30.0-win32-x64\jre\17.0.10-win32-x86_64\bin\net.dll
Event: 0.113 Loaded shared library C:\Users\micha\.vscode\extensions\redhat.java-1.30.0-win32-x64\jre\17.0.10-win32-x86_64\bin\nio.dll
Event: 0.119 Loaded shared library C:\Users\micha\.vscode\extensions\redhat.java-1.30.0-win32-x64\jre\17.0.10-win32-x86_64\bin\zip.dll
Event: 0.131 Loaded shared library C:\Users\micha\.vscode\extensions\redhat.java-1.30.0-win32-x64\jre\17.0.10-win32-x86_64\bin\jimage.dll
Event: 0.172 Loaded shared library c:\Users\micha\.vscode\extensions\redhat.java-1.30.0-win32-x64\jre\17.0.10-win32-x86_64\bin\verify.dll
Event: 0.953 Loaded shared library C:\Users\micha\AppData\Roaming\Code\User\globalStorage\redhat.java\1.30.0\config_win\org.eclipse.equinox.launcher\org.eclipse.equinox.launcher.win32.win32.x86_64_1.2.900.v20240213-1244\eclipse_11900.dll
Event: 2.797 Loaded shared library C:\Users\micha\AppData\Local\Temp\jna-103890304\jna1567668067724237449.dll

Deoptimization events (20 events):
Event: 7.537 Thread 0x000001eb78060920 Uncommon trap: trap_request=0xffffff45 fr.pc=0x000001eb66e70a20 relative=0x0000000000000100
Event: 7.537 Thread 0x000001eb78060920 Uncommon trap: reason=unstable_if action=reinterpret pc=0x000001eb66e70a20 method=java.util.ArrayDeque.addLast(Ljava/lang/Object;)V @ 42 c2
Event: 7.537 Thread 0x000001eb78060920 DEOPT PACKING pc=0x000001eb66e70a20 sp=0x0000001f775fcd30
Event: 7.537 Thread 0x000001eb78060920 DEOPT UNPACKING pc=0x000001eb666966a3 sp=0x0000001f775fccd0 mode 2
Event: 7.541 Thread 0x000001eb78060920 Uncommon trap: trap_request=0xffffff45 fr.pc=0x000001eb670b0370 relative=0x00000000000012d0
Event: 7.541 Thread 0x000001eb78060920 Uncommon trap: reason=unstable_if action=reinterpret pc=0x000001eb670b0370 method=lombok.eclipse.agent.EclipsePatcher$1.shouldTransform(Ljava/lang/ClassLoader;Ljava/lang/String;Ljava/lang/Class;Ljava/security/ProtectionDomain;[B)Z @ 66 c2
Event: 7.541 Thread 0x000001eb78060920 DEOPT PACKING pc=0x000001eb670b0370 sp=0x0000001f775fb1f0
Event: 7.541 Thread 0x000001eb78060920 DEOPT UNPACKING pc=0x000001eb666966a3 sp=0x0000001f775fb0e8 mode 2
Event: 7.553 Thread 0x000001eb780631a0 DEOPT PACKING pc=0x000001eb5f583ce3 sp=0x0000001f773fe8b0
Event: 7.553 Thread 0x000001eb780631a0 DEOPT UNPACKING pc=0x000001eb66696e43 sp=0x0000001f773fdde8 mode 0
Event: 7.562 Thread 0x000001eb78060920 DEOPT PACKING pc=0x000001eb603c47a9 sp=0x0000001f775f6830
Event: 7.562 Thread 0x000001eb78060920 DEOPT UNPACKING pc=0x000001eb66696e43 sp=0x0000001f775f5cf8 mode 0
Event: 7.593 Thread 0x000001eb78060410 Uncommon trap: trap_request=0xffffff45 fr.pc=0x000001eb671432a8 relative=0x00000000000009a8
Event: 7.593 Thread 0x000001eb78060410 Uncommon trap: reason=unstable_if action=reinterpret pc=0x000001eb671432a8 method=org.eclipse.jdt.internal.core.util.WeakHashSet.cleanupGarbageCollectedValues()V @ 140 c2
Event: 7.593 Thread 0x000001eb78060410 DEOPT PACKING pc=0x000001eb671432a8 sp=0x0000001f778fe720
Event: 7.593 Thread 0x000001eb78060410 DEOPT UNPACKING pc=0x000001eb666966a3 sp=0x0000001f778fe5d8 mode 2
Event: 7.651 Thread 0x000001eb78060920 Uncommon trap: trap_request=0xffffff45 fr.pc=0x000001eb67226aec relative=0x00000000000001cc
Event: 7.651 Thread 0x000001eb78060920 Uncommon trap: reason=unstable_if action=reinterpret pc=0x000001eb67226aec method=java.io.WinNTFileSystem.prefixLength(Ljava/lang/String;)I @ 11 c2
Event: 7.651 Thread 0x000001eb78060920 DEOPT PACKING pc=0x000001eb67226aec sp=0x0000001f775fd3e0
Event: 7.651 Thread 0x000001eb78060920 DEOPT UNPACKING pc=0x000001eb666966a3 sp=0x0000001f775fd360 mode 2

Classes unloaded (7 events):
Event: 2.617 Thread 0x000001eb5c607bf0 Unloading class 0x000000010024c400 'java/lang/invoke/LambdaForm$MH+0x000000010024c400'
Event: 2.617 Thread 0x000001eb5c607bf0 Unloading class 0x000000010024c000 'java/lang/invoke/LambdaForm$MH+0x000000010024c000'
Event: 2.617 Thread 0x000001eb5c607bf0 Unloading class 0x000000010024bc00 'java/lang/invoke/LambdaForm$MH+0x000000010024bc00'
Event: 2.617 Thread 0x000001eb5c607bf0 Unloading class 0x000000010024b800 'java/lang/invoke/LambdaForm$MH+0x000000010024b800'
Event: 2.617 Thread 0x000001eb5c607bf0 Unloading class 0x000000010024b400 'java/lang/invoke/LambdaForm$BMH+0x000000010024b400'
Event: 2.617 Thread 0x000001eb5c607bf0 Unloading class 0x000000010024b000 'java/lang/invoke/LambdaForm$DMH+0x000000010024b000'
Event: 2.617 Thread 0x000001eb5c607bf0 Unloading class 0x0000000100248400 'java/lang/invoke/LambdaForm$DMH+0x0000000100248400'

Classes redefined (0 events):
No events

Internal exceptions (20 events):
Event: 7.164 Thread 0x000001eb78064af0 Exception <a 'java/lang/ArrayIndexOutOfBoundsException'{0x00000000eac37128}> (0x00000000eac37128) 
thrown [s\src\hotspot\share\runtime\sharedRuntime.cpp, line 631]
Event: 7.164 Thread 0x000001eb78064af0 Exception <a 'java/lang/ArrayIndexOutOfBoundsException'{0x00000000eac3b4d0}> (0x00000000eac3b4d0) 
thrown [s\src\hotspot\share\runtime\sharedRuntime.cpp, line 631]
Event: 7.164 Thread 0x000001eb78064af0 Exception <a 'java/lang/ArrayIndexOutOfBoundsException'{0x00000000eac3f878}> (0x00000000eac3f878) 
thrown [s\src\hotspot\share\runtime\sharedRuntime.cpp, line 631]
Event: 7.164 Thread 0x000001eb78064af0 Exception <a 'java/lang/ArrayIndexOutOfBoundsException'{0x00000000eac43fa8}> (0x00000000eac43fa8) 
thrown [s\src\hotspot\share\runtime\sharedRuntime.cpp, line 631]
Event: 7.164 Thread 0x000001eb78064af0 Exception <a 'java/lang/ArrayIndexOutOfBoundsException'{0x00000000eac48360}> (0x00000000eac48360) 
thrown [s\src\hotspot\share\runtime\sharedRuntime.cpp, line 631]
Event: 7.164 Thread 0x000001eb78064af0 Exception <a 'java/lang/ArrayIndexOutOfBoundsException'{0x00000000eac4c720}> (0x00000000eac4c720) 
thrown [s\src\hotspot\share\runtime\sharedRuntime.cpp, line 631]
Event: 7.164 Thread 0x000001eb78064af0 Exception <a 'java/lang/ArrayIndexOutOfBoundsException'{0x00000000eac50ad8}> (0x00000000eac50ad8) 
thrown [s\src\hotspot\share\runtime\sharedRuntime.cpp, line 631]
Event: 7.164 Thread 0x000001eb78064af0 Exception <a 'java/lang/ArrayIndexOutOfBoundsException'{0x00000000eac54ea8}> (0x00000000eac54ea8) 
thrown [s\src\hotspot\share\runtime\sharedRuntime.cpp, line 631]
Event: 7.164 Thread 0x000001eb78064af0 Exception <a 'java/lang/ArrayIndexOutOfBoundsException'{0x00000000eac59278}> (0x00000000eac59278) 
thrown [s\src\hotspot\share\runtime\sharedRuntime.cpp, line 631]
Event: 7.164 Thread 0x000001eb78064af0 Exception <a 'java/lang/ArrayIndexOutOfBoundsException'{0x00000000eac5f0c0}> (0x00000000eac5f0c0) 
thrown [s\src\hotspot\share\runtime\sharedRuntime.cpp, line 631]
Event: 7.212 Thread 0x000001eb78060920 Implicit null exception at 0x000001eb66e17bbb to 0x000001eb66e17f3c
Event: 7.213 Thread 0x000001eb78060920 Implicit null exception at 0x000001eb66e162b6 to 0x000001eb66e1663c
Event: 7.236 Thread 0x000001eb78060920 Exception <a 'java/lang/NoSuchMethodError'{0x00000000eb2a3540}: 'java.lang.Object java.lang.invoke.DirectMethodHandle$Holder.newInvokeSpecial(java.lang.Object, java.lang.Object, int, java.lang.Object, java.lang.Object)'> (0x00000000eb2a3540) 
thrown [s\src\hotspot\share\interpreter\linkResolver.cpp, line 759]
Event: 7.284 Thread 0x000001eb78060920 Exception <a 'java/lang/NoSuchMethodError'{0x00000000eb55d938}: 'java.lang.Object java.lang.invoke.DirectMethodHandle$Holder.invokeStatic(java.lang.Object, java.lang.Object, int, java.lang.Object, java.lang.Object)'> (0x00000000eb55d938) 
thrown [s\src\hotspot\share\interpreter\linkResolver.cpp, line 759]
Event: 7.318 Thread 0x000001eb78060920 Exception <a 'java/lang/NoSuchMethodError'{0x00000000eb5ffd60}: 'void java.lang.invoke.DirectMethodHandle$Holder.invokeStatic(java.lang.Object, int)'> (0x00000000eb5ffd60) 
thrown [s\src\hotspot\share\interpreter\linkResolver.cpp, line 759]
Event: 7.440 Thread 0x000001eb78060920 Exception <a 'java/io/FileNotFoundException'{0x00000000ebae3bc0}> (0x00000000ebae3bc0) 
thrown [s\src\hotspot\share\prims\jni.cpp, line 516]
Event: 7.441 Thread 0x000001eb78060920 Exception <a 'java/io/FileNotFoundException'{0x00000000ebae4eb8}> (0x00000000ebae4eb8) 
thrown [s\src\hotspot\share\prims\jni.cpp, line 516]
Event: 7.441 Thread 0x000001eb78060920 Exception <a 'java/io/FileNotFoundException'{0x00000000ebae5f08}> (0x00000000ebae5f08) 
thrown [s\src\hotspot\share\prims\jni.cpp, line 516]
Event: 7.586 Thread 0x000001eb78060410 Exception <a 'java/lang/NoSuchMethodError'{0x00000000eb4d3888}: 'java.lang.Object java.lang.invoke.DirectMethodHandle$Holder.invokeStaticInit(java.lang.Object, java.lang.Object, java.lang.Object)'> (0x00000000eb4d3888) 
thrown [s\src\hotspot\share\interpreter\linkResolver.cpp, line 759]
Event: 7.656 Thread 0x000001eb78060920 Exception <a 'sun/nio/fs/WindowsException'{0x00000000eb86cbd8}> (0x00000000eb86cbd8) 
thrown [s\src\hotspot\share\prims\jni.cpp, line 516]

VM Operations (20 events):
Event: 6.734 Executing VM operation: HandshakeAllThreads
Event: 6.734 Executing VM operation: HandshakeAllThreads done
Event: 6.746 Executing VM operation: ParallelGCFailedAllocation
Event: 6.748 Executing VM operation: ParallelGCFailedAllocation done
Event: 6.786 Executing VM operation: ParallelGCFailedAllocation
Event: 6.793 Executing VM operation: ParallelGCFailedAllocation done
Event: 6.835 Executing VM operation: HandshakeAllThreads
Event: 6.835 Executing VM operation: HandshakeAllThreads done
Event: 6.923 Executing VM operation: HandshakeAllThreads
Event: 6.923 Executing VM operation: HandshakeAllThreads done
Event: 6.992 Executing VM operation: HandshakeAllThreads
Event: 6.992 Executing VM operation: HandshakeAllThreads done
Event: 7.048 Executing VM operation: ParallelGCFailedAllocation
Event: 7.051 Executing VM operation: ParallelGCFailedAllocation done
Event: 7.151 Executing VM operation: ParallelGCFailedAllocation
Event: 7.155 Executing VM operation: ParallelGCFailedAllocation done
Event: 7.433 Executing VM operation: ICBufferFull
Event: 7.434 Executing VM operation: ICBufferFull done
Event: 7.492 Executing VM operation: ParallelGCFailedAllocation
Event: 7.494 Executing VM operation: ParallelGCFailedAllocation done

Events (20 events):
Event: 7.185 Thread 0x000001eb7805efd0 Thread exited: 0x000001eb7805efd0
Event: 7.185 Thread 0x000001eb780636b0 Thread exited: 0x000001eb780636b0
Event: 7.239 loading class java/util/Collections$2
Event: 7.239 loading class java/util/Collections$2 done
Event: 7.435 loading class java/util/LinkedList$LLSpliterator
Event: 7.435 loading class java/util/LinkedList$LLSpliterator done
Event: 7.472 Thread 0x000001eb7805efd0 Thread added: 0x000001eb7805efd0
Event: 7.472 Thread 0x000001eb7805f4e0 Thread added: 0x000001eb7805f4e0
Event: 7.472 Thread 0x000001eb7805ff00 Thread added: 0x000001eb7805ff00
Event: 7.473 Thread 0x000001eb780636b0 Thread added: 0x000001eb780636b0
Event: 7.473 Thread 0x000001eb78063bc0 Thread added: 0x000001eb78063bc0
Event: 7.498 loading class sun/nio/cs/ISO_8859_1$Decoder
Event: 7.499 loading class sun/nio/cs/ISO_8859_1$Decoder done
Event: 7.519 Thread 0x000001eb7805f4e0 Thread exited: 0x000001eb7805f4e0
Event: 7.519 Thread 0x000001eb780636b0 Thread exited: 0x000001eb780636b0
Event: 7.519 Thread 0x000001eb7805efd0 Thread exited: 0x000001eb7805efd0
Event: 7.519 Thread 0x000001eb7805ff00 Thread exited: 0x000001eb7805ff00
Event: 7.519 Thread 0x000001eb78063bc0 Thread exited: 0x000001eb78063bc0
Event: 7.658 loading class java/nio/file/attribute/PosixFileAttributes
Event: 7.658 loading class java/nio/file/attribute/PosixFileAttributes done


Dynamic libraries:
0x00007ff726ef0000 - 0x00007ff726efe000 	c:\Users\micha\.vscode\extensions\redhat.java-1.30.0-win32-x64\jre\17.0.10-win32-x86_64\bin\java.exe
0x00007ffa0bdf0000 - 0x00007ffa0c007000 	C:\WINDOWS\SYSTEM32\ntdll.dll
0x00007ffa0b5d0000 - 0x00007ffa0b694000 	C:\WINDOWS\System32\KERNEL32.DLL
0x00007ffa09210000 - 0x00007ffa095b7000 	C:\WINDOWS\System32\KERNELBASE.dll
0x00007ffa09860000 - 0x00007ffa09971000 	C:\WINDOWS\System32\ucrtbase.dll
0x00007ff9f7b20000 - 0x00007ff9f7b3b000 	c:\Users\micha\.vscode\extensions\redhat.java-1.30.0-win32-x64\jre\17.0.10-win32-x86_64\bin\VCRUNTIME140.dll
0x00007ff9f7b00000 - 0x00007ff9f7b17000 	c:\Users\micha\.vscode\extensions\redhat.java-1.30.0-win32-x64\jre\17.0.10-win32-x86_64\bin\jli.dll
0x00007ffa0b9d0000 - 0x00007ffa0bb7e000 	C:\WINDOWS\System32\USER32.dll
0x00007ff9f3dc0000 - 0x00007ff9f4053000 	C:\WINDOWS\WinSxS\amd64_microsoft.windows.common-controls_6595b64144ccf1df_6.0.22621.3527_none_270e469b73872a76\COMCTL32.dll
0x00007ffa09110000 - 0x00007ffa09136000 	C:\WINDOWS\System32\win32u.dll
0x00007ffa0b370000 - 0x00007ffa0b417000 	C:\WINDOWS\System32\msvcrt.dll
0x00007ffa09b20000 - 0x00007ffa09b49000 	C:\WINDOWS\System32\GDI32.dll
0x00007ffa09980000 - 0x00007ffa09a99000 	C:\WINDOWS\System32\gdi32full.dll
0x00007ffa09140000 - 0x00007ffa091da000 	C:\WINDOWS\System32\msvcp_win.dll
0x00007ffa0b490000 - 0x00007ffa0b4c1000 	C:\WINDOWS\System32\IMM32.DLL
0x00007ff9f7c30000 - 0x00007ff9f7c3c000 	c:\Users\micha\.vscode\extensions\redhat.java-1.30.0-win32-x64\jre\17.0.10-win32-x86_64\bin\vcruntime140_1.dll
0x00007ff9efb70000 - 0x00007ff9efbfd000 	c:\Users\micha\.vscode\extensions\redhat.java-1.30.0-win32-x64\jre\17.0.10-win32-x86_64\bin\msvcp140.dll
0x00007ff967530000 - 0x00007ff968192000 	c:\Users\micha\.vscode\extensions\redhat.java-1.30.0-win32-x64\jre\17.0.10-win32-x86_64\bin\server\jvm.dll
0x00007ffa0bcf0000 - 0x00007ffa0bda2000 	C:\WINDOWS\System32\ADVAPI32.dll
0x00007ffa0b240000 - 0x00007ffa0b2e8000 	C:\WINDOWS\System32\sechost.dll
0x00007ffa091e0000 - 0x00007ffa09208000 	C:\WINDOWS\System32\bcrypt.dll
0x00007ffa0ae40000 - 0x00007ffa0af55000 	C:\WINDOWS\System32\RPCRT4.dll
0x00007ffa08e20000 - 0x00007ffa08e6d000 	C:\WINDOWS\SYSTEM32\POWRPROF.dll
0x00007ffa02ed0000 - 0x00007ffa02ed9000 	C:\WINDOWS\SYSTEM32\WSOCK32.dll
0x00007ffa00f70000 - 0x00007ffa00fa4000 	C:\WINDOWS\SYSTEM32\WINMM.dll
0x00007ffa0b2f0000 - 0x00007ffa0b361000 	C:\WINDOWS\System32\WS2_32.dll
0x00007ff9fe530000 - 0x00007ff9fe53a000 	C:\WINDOWS\SYSTEM32\VERSION.dll
0x00007ffa08e00000 - 0x00007ffa08e13000 	C:\WINDOWS\SYSTEM32\UMPDC.dll
0x00007ffa08090000 - 0x00007ffa080a8000 	C:\WINDOWS\SYSTEM32\kernel.appcore.dll
0x00007ff9f7ba0000 - 0x00007ff9f7baa000 	c:\Users\micha\.vscode\extensions\redhat.java-1.30.0-win32-x64\jre\17.0.10-win32-x86_64\bin\jimage.dll
0x00007ffa06a40000 - 0x00007ffa06c73000 	C:\WINDOWS\SYSTEM32\DBGHELP.DLL
0x00007ffa0a430000 - 0x00007ffa0a7b8000 	C:\WINDOWS\System32\combase.dll
0x00007ffa0b160000 - 0x00007ffa0b237000 	C:\WINDOWS\System32\OLEAUT32.dll
0x00007ff9fe250000 - 0x00007ff9fe282000 	C:\WINDOWS\SYSTEM32\dbgcore.DLL
0x00007ffa09aa0000 - 0x00007ffa09b19000 	C:\WINDOWS\System32\bcryptPrimitives.dll
0x00007ff9f7af0000 - 0x00007ff9f7afe000 	c:\Users\micha\.vscode\extensions\redhat.java-1.30.0-win32-x64\jre\17.0.10-win32-x86_64\bin\instrument.dll
0x00007ff9f72c0000 - 0x00007ff9f72e5000 	c:\Users\micha\.vscode\extensions\redhat.java-1.30.0-win32-x64\jre\17.0.10-win32-x86_64\bin\java.dll
0x00007ff9f7ad0000 - 0x00007ff9f7ae8000 	c:\Users\micha\.vscode\extensions\redhat.java-1.30.0-win32-x64\jre\17.0.10-win32-x86_64\bin\zip.dll
0x00007ffa09b50000 - 0x00007ffa0a3ac000 	C:\WINDOWS\System32\SHELL32.dll
0x00007ffa07000000 - 0x00007ffa078f6000 	C:\WINDOWS\SYSTEM32\windows.storage.dll
0x00007ffa06ec0000 - 0x00007ffa06ffe000 	C:\WINDOWS\SYSTEM32\wintypes.dll
0x00007ffa0bbf0000 - 0x00007ffa0bce5000 	C:\WINDOWS\System32\SHCORE.dll
0x00007ffa0bb80000 - 0x00007ffa0bbde000 	C:\WINDOWS\System32\shlwapi.dll
0x00007ffa09040000 - 0x00007ffa09061000 	C:\WINDOWS\SYSTEM32\profapi.dll
0x00007ff9f1bd0000 - 0x00007ff9f1be9000 	C:\Users\micha\.vscode\extensions\redhat.java-1.30.0-win32-x64\jre\17.0.10-win32-x86_64\bin\net.dll
0x00007ffa02d70000 - 0x00007ffa02ea6000 	C:\WINDOWS\SYSTEM32\WINHTTP.dll
0x00007ffa08550000 - 0x00007ffa085b9000 	C:\WINDOWS\system32\mswsock.dll
0x00007ff9f0d50000 - 0x00007ff9f0d66000 	C:\Users\micha\.vscode\extensions\redhat.java-1.30.0-win32-x64\jre\17.0.10-win32-x86_64\bin\nio.dll
0x00007ff9f7470000 - 0x00007ff9f7480000 	c:\Users\micha\.vscode\extensions\redhat.java-1.30.0-win32-x64\jre\17.0.10-win32-x86_64\bin\verify.dll
0x00007ff9ee780000 - 0x00007ff9ee7be000 	C:\Users\micha\AppData\Roaming\Code\User\globalStorage\redhat.java\1.30.0\config_win\org.eclipse.equinox.launcher\org.eclipse.equinox.launcher.win32.win32.x86_64_1.2.900.v20240213-1244\eclipse_11900.dll
0x00007ffa0a7c0000 - 0x00007ffa0a965000 	C:\WINDOWS\System32\ole32.dll
0x00007ffa088a0000 - 0x00007ffa088bb000 	C:\WINDOWS\SYSTEM32\CRYPTSP.dll
0x00007ffa08050000 - 0x00007ffa08085000 	C:\WINDOWS\system32\rsaenh.dll
0x00007ffa085f0000 - 0x00007ffa08618000 	C:\WINDOWS\SYSTEM32\USERENV.dll
0x00007ffa08880000 - 0x00007ffa0888c000 	C:\WINDOWS\SYSTEM32\CRYPTBASE.dll
0x00007ffa07b60000 - 0x00007ffa07b8d000 	C:\WINDOWS\SYSTEM32\IPHLPAPI.DLL
0x00007ffa0b420000 - 0x00007ffa0b429000 	C:\WINDOWS\System32\NSI.dll
0x00007ffa02ae0000 - 0x00007ffa02af9000 	C:\WINDOWS\SYSTEM32\dhcpcsvc6.DLL
0x00007ffa02a50000 - 0x00007ffa02a6f000 	C:\WINDOWS\SYSTEM32\dhcpcsvc.DLL
0x00007ffa07b90000 - 0x00007ffa07c89000 	C:\WINDOWS\SYSTEM32\DNSAPI.dll
0x00007ff9e8510000 - 0x00007ff9e8555000 	C:\Users\micha\AppData\Local\Temp\jna-103890304\jna1567668067724237449.dll
0x00007ffa0b150000 - 0x00007ffa0b158000 	C:\WINDOWS\System32\PSAPI.DLL
0x00007ffa08110000 - 0x00007ffa08144000 	C:\WINDOWS\SYSTEM32\ntmarta.dll

dbghelp: loaded successfully - version: 4.0.5 - missing functions: none
symbol engine: initialized successfully - sym options: 0x614 - pdb path: .;c:\Users\micha\.vscode\extensions\redhat.java-1.30.0-win32-x64\jre\17.0.10-win32-x86_64\bin;C:\WINDOWS\SYSTEM32;C:\WINDOWS\WinSxS\amd64_microsoft.windows.common-controls_6595b64144ccf1df_6.0.22621.3527_none_270e469b73872a76;c:\Users\micha\.vscode\extensions\redhat.java-1.30.0-win32-x64\jre\17.0.10-win32-x86_64\bin\server;C:\Users\micha\AppData\Roaming\Code\User\globalStorage\redhat.java\1.30.0\config_win\org.eclipse.equinox.launcher\org.eclipse.equinox.launcher.win32.win32.x86_64_1.2.900.v20240213-1244;C:\Users\micha\AppData\Local\Temp\jna-103890304

VM Arguments:
jvm_args: --add-modules=ALL-SYSTEM --add-opens=java.base/java.util=ALL-UNNAMED --add-opens=java.base/java.lang=ALL-UNNAMED --add-opens=java.base/sun.nio.fs=ALL-UNNAMED -Declipse.application=org.eclipse.jdt.ls.core.id1 -Dosgi.bundles.defaultStartLevel=4 -Declipse.product=org.eclipse.jdt.ls.core.product -Djava.import.generatesMetadataFilesAtProjectRoot=false -DDetectVMInstallationsJob.disabled=true -Dfile.encoding=utf8 -XX:+UseParallelGC -XX:GCTimeRatio=4 -XX:AdaptiveSizePolicyWeight=90 -Dsun.zip.disableMemoryMapping=true -Xmx1G -Xms100m -Xlog:disable -javaagent:c:\Users\micha\.vscode\extensions\redhat.java-1.30.0-win32-x64\lombok\lombok-1.18.32.jar -XX:+HeapDumpOnOutOfMemoryError -XX:HeapDumpPath=c:\Users\micha\AppData\Roaming\Code\User\workspaceStorage\f9b4046897cbd884777aaaa0a136d5f2\redhat.java -Daether.dependencyCollector.impl=bf 
java_command: c:\Users\micha\.vscode\extensions\redhat.java-1.30.0-win32-x64\server\plugins\org.eclipse.equinox.launcher_1.6.800.v20240330-1250.jar -configuration c:\Users\micha\AppData\Roaming\Code\User\globalStorage\redhat.java\1.30.0\config_win -data c:\Users\micha\AppData\Roaming\Code\User\workspaceStorage\f9b4046897cbd884777aaaa0a136d5f2\redhat.java\jdt_ws --pipe=\\.\pipe\lsp-a1dcde6cea7cedffe022b3129561c2c4-sock
java_class_path (initial): c:\Users\micha\.vscode\extensions\redhat.java-1.30.0-win32-x64\server\plugins\org.eclipse.equinox.launcher_1.6.800.v20240330-1250.jar
Launcher Type: SUN_STANDARD

[Global flags]
    uintx AdaptiveSizePolicyWeight                 = 90                                        {product} {command line}
     intx CICompilerCount                          = 12                                        {product} {ergonomic}
    uintx GCTimeRatio                              = 4                                         {product} {command line}
     bool HeapDumpOnOutOfMemoryError               = true                                   {manageable} {command line}
    ccstr HeapDumpPath                             = c:\Users\micha\AppData\Roaming\Code\User\workspaceStorage\f9b4046897cbd884777aaaa0a136d5f2\redhat.java         {manageable} {command line}
   size_t InitialHeapSize                          = 104857600                                 {product} {command line}
   size_t MaxHeapSize                              = 1073741824                                {product} {command line}
   size_t MaxNewSize                               = 357564416                                 {product} {ergonomic}
   size_t MinHeapDeltaBytes                        = 524288                                    {product} {ergonomic}
   size_t MinHeapSize                              = 104857600                                 {product} {command line}
   size_t NewSize                                  = 34603008                                  {product} {ergonomic}
    uintx NonNMethodCodeHeapSize                   = 7602480                                {pd product} {ergonomic}
    uintx NonProfiledCodeHeapSize                  = 122027880                              {pd product} {ergonomic}
   size_t OldSize                                  = 70254592                                  {product} {ergonomic}
    uintx ProfiledCodeHeapSize                     = 122027880                              {pd product} {ergonomic}
    uintx ReservedCodeCacheSize                    = 251658240                              {pd product} {ergonomic}
     bool SegmentedCodeCache                       = true                                      {product} {ergonomic}
   size_t SoftMaxHeapSize                          = 1073741824                             {manageable} {ergonomic}
     bool UseCompressedClassPointers               = true                           {product lp64_product} {ergonomic}
     bool UseCompressedOops                        = true                           {product lp64_product} {ergonomic}
     bool UseLargePagesIndividualAllocation        = false                                  {pd product} {ergonomic}
     bool UseParallelGC                            = true                                      {product} {command line}

Logging:
Log output configuration:
 #0: stdout all=off uptime,level,tags
 #1: stderr all=off uptime,level,tags

Environment Variables:
JAVA_HOME=C:\Program Files\Microsoft\jdk-11.0.21.9-hotspot\
PATH=C:\Program Files\Microsoft\jdk-11.0.21.9-hotspot\bin;C:\Program Files\Common Files\Oracle\Java\javapath;C:\Program Files (x86)\Common Files\Oracle\Java\javapath;C:\WINDOWS\system32;C:\WINDOWS;C:\WINDOWS\System32\Wbem;C:\WINDOWS\System32\WindowsPowerShell\v1.0\;C:\WINDOWS\System32\OpenSSH\;C:\Program Files\NVIDIA Corporation\NVIDIA NvDLISR;C:\WINDOWS\system32;C:\WINDOWS;C:\WINDOWS\System32\Wbem;C:\WINDOWS\System32\WindowsPowerShell\v1.0\;C:\WINDOWS\System32\OpenSSH\;C:\Program Files (x86)\NVIDIA Corporation\PhysX\Common;C:\Program Files\dotnet\;C:\Program Files (x86)\Windows Kits\10\Windows Performance Toolkit\;C:\Program Files\Git\cmd;C:\Users\micha\AppData\Local\Programs\Python\Launcher\;C:\Users\micha\AppData\Local\Microsoft\WindowsApps;C:\Users\micha\AppData\Local\Programs\Microsoft VS Code\bin;C:\Users\micha\AppData\Local\GitHubDesktop\bin;C:\Users\micha\.dotnet\tools
USERNAME=micha
OS=Windows_NT
PROCESSOR_IDENTIFIER=AMD64 Family 25 Model 68 Stepping 1, AuthenticAMD
TMP=C:\Users\micha\AppData\Local\Temp
TEMP=C:\Users\micha\AppData\Local\Temp



Periodic native trim disabled


---------------  S Y S T E M  ---------------

OS:
 Windows 11 , 64 bit Build 22621 (10.0.22621.3527)
OS uptime: 0 days 7:24 hours
Hyper-V role detected

CPU: total 16 (initial active 16) (16 cores per cpu, 2 threads per core) family 25 model 68 stepping 1 microcode 0x0, cx8, cmov, fxsr, ht, mmx, 3dnowpref, sse, sse2, sse3, ssse3, sse4a, sse4.1, sse4.2, popcnt, lzcnt, tsc, tscinvbit, avx, avx2, aes, erms, clmul, bmi1, bmi2, adx, sha, fma, vzeroupper, clflush, clflushopt, hv
Processor Information for all 16 processors :
  Max Mhz: 3201, Current Mhz: 3201, Mhz Limit: 3201

Memory: 4k page, system-wide physical 15610M (4401M free)
TotalPageFile size 62714M (AvailPageFile size 0M)
current process WorkingSet (physical memory assigned to process): 376M, peak: 386M
current process commit charge ("private bytes"): 438M, peak: 457M

vm_info: OpenJDK 64-Bit Server VM (17.0.10+7) for windows-amd64 JRE (17.0.10+7), built on Jan 16 2024 23:25:11 by "admin" with MS VC++ 16.10 / 16.11 (VS2019)

END.
