#
# There is insufficient memory for the Java Runtime Environment to continue.
# Native memory allocation (malloc) failed to allocate 1392816 bytes for Chunk::new
# Possible reasons:
#   The system is out of physical RAM or swap space
#   The process is running with CompressedOops enabled, and the Java Heap may be blocking the growth of the native heap
# Possible solutions:
#   Reduce memory load on the system
#   Increase physical memory or swap space
#   Check if swap backing store is full
#   Decrease Java heap size (-Xmx/-Xms)
#   Decrease number of Java threads
#   Decrease Java thread stack sizes (-Xss)
#   Set larger code cache with -XX:ReservedCodeCacheSize=
#   JVM is running with Unscaled Compressed Oops mode in which the Java heap is
#     placed in the first 4GB address space. The Java Heap base address is the
#     maximum limit for the native heap growth. Please use -XX:HeapBaseMinAddress
#     to set the Java Heap base and to place the Java Heap above 4GB virtual address.
# This output file may be truncated or incomplete.
#
#  Out of Memory Error (arena.cpp:191), pid=2816, tid=27804
#
# JRE version: OpenJDK Runtime Environment Temurin-17.0.10+7 (17.0.10+7) (build 17.0.10+7)
# Java VM: OpenJDK 64-Bit Server VM Temurin-17.0.10+7 (17.0.10+7, mixed mode, tiered, compressed oops, compressed class ptrs, parallel gc, windows-amd64)
# No core dump will be written. Minidumps are not enabled by default on client versions of Windows
#

---------------  S U M M A R Y ------------

Command Line: --add-modules=ALL-SYSTEM --add-opens=java.base/java.util=ALL-UNNAMED --add-opens=java.base/java.lang=ALL-UNNAMED --add-opens=java.base/sun.nio.fs=ALL-UNNAMED -Declipse.application=org.eclipse.jdt.ls.core.id1 -Dosgi.bundles.defaultStartLevel=4 -Declipse.product=org.eclipse.jdt.ls.core.product -Djava.import.generatesMetadataFilesAtProjectRoot=false -DDetectVMInstallationsJob.disabled=true -Dfile.encoding=utf8 -XX:+UseParallelGC -XX:GCTimeRatio=4 -XX:AdaptiveSizePolicyWeight=90 -Dsun.zip.disableMemoryMapping=true -Xmx1G -Xms100m -Xlog:disable -javaagent:c:\Users\micha\.vscode\extensions\redhat.java-1.30.0-win32-x64\lombok\lombok-1.18.32.jar -XX:+HeapDumpOnOutOfMemoryError -XX:HeapDumpPath=c:\Users\micha\AppData\Roaming\Code\User\workspaceStorage\f9b4046897cbd884777aaaa0a136d5f2\redhat.java -Daether.dependencyCollector.impl=bf c:\Users\micha\.vscode\extensions\redhat.java-1.30.0-win32-x64\server\plugins\org.eclipse.equinox.launcher_1.6.800.v20240330-1250.jar -configuration c:\Users\micha\AppData\Roaming\Code\User\globalStorage\redhat.java\1.30.0\config_win -data c:\Users\micha\AppData\Roaming\Code\User\workspaceStorage\f9b4046897cbd884777aaaa0a136d5f2\redhat.java\jdt_ws --pipe=\\.\pipe\lsp-1a2c3c6e6a6bb50a767b519a364a0e09-sock

Host: AMD Ryzen 7 7735HS with Radeon Graphics        , 16 cores, 15G,  Windows 11 , 64 bit Build 22621 (10.0.22621.3527)
Time: Mon May 13 23:59:00 2024 Stredoeurópsky 4 bit Build 22621 (10.0.22621.3527) elapsed time: 859.812428 seconds (0d 0h 14m 19s)

---------------  T H R E A D  ---------------

Current thread (0x00000260d522ac90):  JavaThread "C2 CompilerThread0" daemon [_thread_in_native, id=27804, stack(0x00000086fb400000,0x00000086fb500000)]


Current CompileTask:
C2: 859812 23439   !   4       org.eclipse.jdt.internal.compiler.ast.SwitchStatement::resolve (1538 bytes)

Stack: [0x00000086fb400000,0x00000086fb500000]
Native frames: (J=compiled Java code, j=interpreted, Vv=VM code, C=native code)
V  [jvm.dll+0x67d2c9]
V  [jvm.dll+0x834afa]
V  [jvm.dll+0x8365be]
V  [jvm.dll+0x836c23]
V  [jvm.dll+0x2477ff]
V  [jvm.dll+0xac514]
V  [jvm.dll+0xacb5c]
V  [jvm.dll+0x366782]
V  [jvm.dll+0x330bfa]
V  [jvm.dll+0x33009a]
V  [jvm.dll+0x219ef1]
V  [jvm.dll+0x219311]
V  [jvm.dll+0x1a502d]
V  [jvm.dll+0x2290de]
V  [jvm.dll+0x2272ac]
V  [jvm.dll+0x7e9bb7]
V  [jvm.dll+0x7e3fba]
V  [jvm.dll+0x67c1b5]
C  [ucrtbase.dll+0x29333]
C  [KERNEL32.DLL+0x1257d]
C  [ntdll.dll+0x5aa48]


---------------  P R O C E S S  ---------------

Threads class SMR info:
_java_thread_list=0x00000260dc8ecb20, length=64, elements={
0x00000260bc24e130, 0x00000260d00d9030, 0x00000260d00d9eb0, 0x00000260bc2f78f0,
0x00000260bc2f8770, 0x00000260bc2f9d90, 0x00000260bc2fc910, 0x00000260d522ac90,
0x00000260d52305d0, 0x00000260d52416a0, 0x00000260bc2b21f0, 0x00000260d7421b80,
0x00000260d7b28920, 0x00000260d7b260a0, 0x00000260d7b25b90, 0x00000260d7b26ac0,
0x00000260d7b25680, 0x00000260d7b26fd0, 0x00000260d99e2f10, 0x00000260d99e5280,
0x00000260d99e2a00, 0x00000260d99e10b0, 0x00000260d99dfc70, 0x00000260d99e3420,
0x00000260d99e3930, 0x00000260d99de830, 0x00000260d99e3e40, 0x00000260d99e5790,
0x00000260d99e0ba0, 0x00000260d99de320, 0x00000260d99e5ca0, 0x00000260d99e15c0,
0x00000260d99e4350, 0x00000260d99e4860, 0x00000260d99ded40, 0x00000260d99e4d70,
0x00000260d99df250, 0x00000260d99e0180, 0x00000260d99e1ad0, 0x00000260d99e24f0,
0x00000260dcadcee0, 0x00000260dcada660, 0x00000260dcad7de0, 0x00000260dcad9730,
0x00000260dcadab70, 0x00000260dcad73c0, 0x00000260dcaded40, 0x00000260dcad82f0,
0x00000260dc643540, 0x00000260dc645dc0, 0x00000260dc640cc0, 0x00000260dc6458b0,
0x00000260dc6416e0, 0x00000260dc643f60, 0x00000260dcadd900, 0x00000260da695b60,
0x00000260da693d00, 0x00000260da6932e0, 0x00000260da696fa0, 0x00000260da696070,
0x00000260da695650, 0x00000260da6979c0, 0x00000260da699d30, 0x00000260da6988f0
}

Java Threads: ( => current thread )
  0x00000260bc24e130 JavaThread "main" [_thread_blocked, id=21408, stack(0x00000086fab00000,0x00000086fac00000)]
  0x00000260d00d9030 JavaThread "Reference Handler" daemon [_thread_blocked, id=25540, stack(0x00000086fae00000,0x00000086faf00000)]
  0x00000260d00d9eb0 JavaThread "Finalizer" daemon [_thread_blocked, id=22148, stack(0x00000086faf00000,0x00000086fb000000)]
  0x00000260bc2f78f0 JavaThread "Signal Dispatcher" daemon [_thread_blocked, id=26872, stack(0x00000086fb000000,0x00000086fb100000)]
  0x00000260bc2f8770 JavaThread "Attach Listener" daemon [_thread_blocked, id=16264, stack(0x00000086fb100000,0x00000086fb200000)]
  0x00000260bc2f9d90 JavaThread "Service Thread" daemon [_thread_blocked, id=14136, stack(0x00000086fb200000,0x00000086fb300000)]
  0x00000260bc2fc910 JavaThread "Monitor Deflation Thread" daemon [_thread_blocked, id=26780, stack(0x00000086fb300000,0x00000086fb400000)]
=>0x00000260d522ac90 JavaThread "C2 CompilerThread0" daemon [_thread_in_native, id=27804, stack(0x00000086fb400000,0x00000086fb500000)]
  0x00000260d52305d0 JavaThread "C1 CompilerThread0" daemon [_thread_blocked, id=26936, stack(0x00000086fb500000,0x00000086fb600000)]
  0x00000260d52416a0 JavaThread "Sweeper thread" daemon [_thread_blocked, id=25716, stack(0x00000086fb600000,0x00000086fb700000)]
  0x00000260bc2b21f0 JavaThread "Common-Cleaner" daemon [_thread_blocked, id=26712, stack(0x00000086fb700000,0x00000086fb800000)]
  0x00000260d7421b80 JavaThread "Notification Thread" daemon [_thread_blocked, id=19068, stack(0x00000086fbc00000,0x00000086fbd00000)]
  0x00000260d7b28920 JavaThread "Active Thread: Equinox Container: 06a1cce6-769a-4145-9cfb-7a1c70644a9c" [_thread_blocked, id=4512, stack(0x00000086fc500000,0x00000086fc600000)]
  0x00000260d7b260a0 JavaThread "Framework Event Dispatcher: Equinox Container: 06a1cce6-769a-4145-9cfb-7a1c70644a9c" daemon [_thread_blocked, id=1628, stack(0x00000086fb800000,0x00000086fb900000)]
  0x00000260d7b25b90 JavaThread "Start Level: Equinox Container: 06a1cce6-769a-4145-9cfb-7a1c70644a9c" daemon [_thread_blocked, id=10052, stack(0x00000086fb900000,0x00000086fba00000)]
  0x00000260d7b26ac0 JavaThread "Bundle File Closer" daemon [_thread_blocked, id=25740, stack(0x00000086fc700000,0x00000086fc800000)]
  0x00000260d7b25680 JavaThread "SCR Component Actor" daemon [_thread_blocked, id=19228, stack(0x00000086fc600000,0x00000086fc700000)]
  0x00000260d7b26fd0 JavaThread "Worker-JM" [_thread_blocked, id=26156, stack(0x00000086fc900000,0x00000086fca00000)]
  0x00000260d99e2f10 JavaThread "Java indexing" daemon [_thread_blocked, id=26048, stack(0x00000086fd500000,0x00000086fd600000)]
  0x00000260d99e5280 JavaThread "JNA Cleaner" daemon [_thread_blocked, id=26832, stack(0x00000086fd600000,0x00000086fd700000)]
  0x00000260d99e2a00 JavaThread "Thread-2" daemon [_thread_in_native, id=27552, stack(0x00000086fd900000,0x00000086fda00000)]
  0x00000260d99e10b0 JavaThread "Thread-3" daemon [_thread_in_native, id=26592, stack(0x00000086fda00000,0x00000086fdb00000)]
  0x00000260d99dfc70 JavaThread "Thread-4" daemon [_thread_in_native, id=23532, stack(0x00000086fdb00000,0x00000086fdc00000)]
  0x00000260d99e3420 JavaThread "Thread-5" daemon [_thread_in_native, id=20648, stack(0x00000086fdc00000,0x00000086fdd00000)]
  0x00000260d99e3930 JavaThread "Thread-6" daemon [_thread_in_native, id=5296, stack(0x00000086fdd00000,0x00000086fde00000)]
  0x00000260d99de830 JavaThread "Thread-7" daemon [_thread_in_native, id=28572, stack(0x00000086fde00000,0x00000086fdf00000)]
  0x00000260d99e3e40 JavaThread "Thread-8" daemon [_thread_in_native, id=7696, stack(0x00000086fdf00000,0x00000086fe000000)]
  0x00000260d99e5790 JavaThread "Thread-9" daemon [_thread_in_native, id=28116, stack(0x00000086fe000000,0x00000086fe100000)]
  0x00000260d99e0ba0 JavaThread "Thread-10" daemon [_thread_in_native, id=25360, stack(0x00000086fe100000,0x00000086fe200000)]
  0x00000260d99de320 JavaThread "Thread-11" daemon [_thread_in_native, id=7488, stack(0x00000086fe200000,0x00000086fe300000)]
  0x00000260d99e5ca0 JavaThread "Thread-12" daemon [_thread_in_native, id=12684, stack(0x00000086fe300000,0x00000086fe400000)]
  0x00000260d99e15c0 JavaThread "Thread-13" daemon [_thread_in_native, id=25420, stack(0x00000086fe400000,0x00000086fe500000)]
  0x00000260d99e4350 JavaThread "Thread-14" daemon [_thread_in_native, id=6416, stack(0x00000086fe500000,0x00000086fe600000)]
  0x00000260d99e4860 JavaThread "Thread-15" daemon [_thread_in_native, id=13752, stack(0x00000086fe600000,0x00000086fe700000)]
  0x00000260d99ded40 JavaThread "Thread-16" daemon [_thread_in_native, id=16556, stack(0x00000086fe700000,0x00000086fe800000)]
  0x00000260d99e4d70 JavaThread "Thread-17" daemon [_thread_in_native, id=11500, stack(0x00000086fe800000,0x00000086fe900000)]
  0x00000260d99df250 JavaThread "Thread-18" daemon [_thread_in_native, id=10252, stack(0x00000086fe900000,0x00000086fea00000)]
  0x00000260d99e0180 JavaThread "pool-2-thread-1" [_thread_blocked, id=20004, stack(0x00000086fea00000,0x00000086feb00000)]
  0x00000260d99e1ad0 JavaThread "WorkspaceEventsHandler" [_thread_blocked, id=13032, stack(0x00000086feb00000,0x00000086fec00000)]
  0x00000260d99e24f0 JavaThread "pool-1-thread-1" [_thread_blocked, id=26980, stack(0x00000086fec00000,0x00000086fed00000)]
  0x00000260dcadcee0 JavaThread "ForkJoinPool.commonPool-worker-1" daemon [_thread_blocked, id=5524, stack(0x00000086ff000000,0x00000086ff100000)]
  0x00000260dcada660 JavaThread "ForkJoinPool.commonPool-worker-3" daemon [_thread_blocked, id=27920, stack(0x00000086ff500000,0x00000086ff600000)]
  0x00000260dcad7de0 JavaThread "ForkJoinPool.commonPool-worker-4" daemon [_thread_blocked, id=15448, stack(0x00000086ff600000,0x00000086ff700000)]
  0x00000260dcad9730 JavaThread "ForkJoinPool.commonPool-worker-5" daemon [_thread_blocked, id=3308, stack(0x00000086ff700000,0x00000086ff800000)]
  0x00000260dcadab70 JavaThread "ForkJoinPool.commonPool-worker-6" daemon [_thread_blocked, id=26056, stack(0x00000086ff800000,0x00000086ff900000)]
  0x00000260dcad73c0 JavaThread "ForkJoinPool.commonPool-worker-7" daemon [_thread_blocked, id=13608, stack(0x00000086ff900000,0x00000086ffa00000)]
  0x00000260dcaded40 JavaThread "ForkJoinPool.commonPool-worker-9" daemon [_thread_blocked, id=24028, stack(0x00000086ffb00000,0x00000086ffc00000)]
  0x00000260dcad82f0 JavaThread "ForkJoinPool.commonPool-worker-10" daemon [_thread_blocked, id=12072, stack(0x00000086ffc00000,0x00000086ffd00000)]
  0x00000260dc643540 JavaThread "ForkJoinPool.commonPool-worker-13" daemon [_thread_blocked, id=26484, stack(0x0000008680000000,0x0000008680100000)]
  0x00000260dc645dc0 JavaThread "ForkJoinPool.commonPool-worker-14" daemon [_thread_blocked, id=24348, stack(0x0000008680100000,0x0000008680200000)]
  0x00000260dc640cc0 JavaThread "ForkJoinPool.commonPool-worker-15" daemon [_thread_blocked, id=23244, stack(0x0000008680500000,0x0000008680600000)]
  0x00000260dc6458b0 JavaThread "Cleaner-0" daemon [_thread_blocked, id=14936, stack(0x0000008680700000,0x0000008680800000)]
  0x00000260dc6416e0 JavaThread "ForkJoinPool.commonPool-worker-16" daemon [_thread_blocked, id=2748, stack(0x0000008680200000,0x0000008680300000)]
  0x00000260dc643f60 JavaThread "ForkJoinPool.commonPool-worker-17" daemon [_thread_blocked, id=26324, stack(0x0000008680300000,0x0000008680400000)]
  0x00000260dcadd900 JavaThread "ForkJoinPool.commonPool-worker-18" daemon [_thread_blocked, id=14228, stack(0x0000008680800000,0x0000008680900000)]
  0x00000260da695b60 JavaThread "ForkJoinPool.commonPool-worker-19" daemon [_thread_blocked, id=11368, stack(0x0000008681000000,0x0000008681100000)]
  0x00000260da693d00 JavaThread "Worker-9" [_thread_blocked, id=20984, stack(0x0000008680c00000,0x0000008680d00000)]
  0x00000260da6932e0 JavaThread "Worker-10" [_thread_blocked, id=18728, stack(0x0000008680400000,0x0000008680500000)]
  0x00000260da696fa0 JavaThread "Worker-11" [_thread_blocked, id=4976, stack(0x0000008680a00000,0x0000008680b00000)]
  0x00000260da696070 JavaThread "Java Debug Server" daemon [_thread_in_native, id=8984, stack(0x0000008680600000,0x0000008680700000)]
  0x00000260da695650 JavaThread "RxSchedulerPurge-1" daemon [_thread_blocked, id=28488, stack(0x0000008680e00000,0x0000008680f00000)]
  0x00000260da6979c0 JavaThread "RxCachedWorkerPoolEvictor-1" daemon [_thread_blocked, id=26860, stack(0x0000008680f00000,0x0000008681000000)]
  0x00000260da699d30 JavaThread "process reaper" daemon [_thread_blocked, id=8420, stack(0x0000008681200000,0x0000008681220000)]
  0x00000260da6988f0 JavaThread "pool-8-thread-3" [_thread_blocked, id=9532, stack(0x0000008680900000,0x0000008680a00000)]

Other Threads:
  0x00000260bc2f6b80 VMThread "VM Thread" [stack: 0x00000086fad00000,0x00000086fae00000] [id=10524]
  0x00000260d7422870 WatcherThread [stack: 0x00000086fbd00000,0x00000086fbe00000] [id=24328]
  0x00000260bc2657b0 GCTaskThread "GC Thread#0" [stack: 0x00000086fac00000,0x00000086fad00000] [id=25648]
  0x00000260d7821d80 GCTaskThread "GC Thread#1" [stack: 0x00000086fc000000,0x00000086fc100000] [id=27048]
  0x00000260d7af6520 GCTaskThread "GC Thread#2" [stack: 0x00000086fc100000,0x00000086fc200000] [id=13680]
  0x00000260d7af67e0 GCTaskThread "GC Thread#3" [stack: 0x00000086fc200000,0x00000086fc300000] [id=28604]
  0x00000260d79ec4c0 GCTaskThread "GC Thread#4" [stack: 0x00000086fc300000,0x00000086fc400000] [id=27168]
  0x00000260d79ec780 GCTaskThread "GC Thread#5" [stack: 0x00000086fc400000,0x00000086fc500000] [id=28300]
  0x00000260d7d4dcd0 GCTaskThread "GC Thread#6" [stack: 0x00000086fba00000,0x00000086fbb00000] [id=20820]
  0x00000260d7d5e460 GCTaskThread "GC Thread#7" [stack: 0x00000086fbb00000,0x00000086fbc00000] [id=24984]
  0x00000260d52ea510 GCTaskThread "GC Thread#8" [stack: 0x00000086fbe00000,0x00000086fbf00000] [id=24860]
  0x00000260d77d63d0 GCTaskThread "GC Thread#9" [stack: 0x00000086fca00000,0x00000086fcb00000] [id=26200]
  0x00000260d777fa50 GCTaskThread "GC Thread#10" [stack: 0x00000086fcb00000,0x00000086fcc00000] [id=22368]
  0x00000260d75e3130 GCTaskThread "GC Thread#11" [stack: 0x00000086fcc00000,0x00000086fcd00000] [id=9712]
  0x00000260d75e3970 GCTaskThread "GC Thread#12" [stack: 0x00000086fcf00000,0x00000086fd000000] [id=27140]

Threads with active compile tasks:
C2 CompilerThread0   859825 23439   !   4       org.eclipse.jdt.internal.compiler.ast.SwitchStatement::resolve (1538 bytes)

VM state: not at safepoint (normal execution)

VM Mutex/Monitor currently owned by a thread: None

Heap address: 0x00000000c0000000, size: 1024 MB, Compressed Oops mode: 32-bit

CDS archive(s) not mapped
Compressed class space mapped at: 0x0000000100000000-0x0000000140000000, reserved size: 1073741824
Narrow klass base: 0x0000000000000000, Narrow klass shift: 3, Narrow klass range: 0x140000000

GC Precious Log:
 CPUs: 16 total, 16 available
 Memory: 15610M
 Large Page Support: Disabled
 NUMA Support: Disabled
 Compressed Oops: Enabled (32-bit)
 Alignments: Space 512K, Generation 512K, Heap 2M
 Heap Min Capacity: 100M
 Heap Initial Capacity: 100M
 Heap Max Capacity: 1G
 Pre-touch: Disabled
 Parallel Workers: 13

Heap:
 PSYoungGen      total 8192K, used 6997K [0x00000000eab00000, 0x00000000eb900000, 0x0000000100000000)
  eden space 7168K, 83% used [0x00000000eab00000,0x00000000eb0da428,0x00000000eb200000)
  from space 1024K, 98% used [0x00000000eb700000,0x00000000eb7fb2a0,0x00000000eb800000)
  to   space 1024K, 0% used [0x00000000eb800000,0x00000000eb800000,0x00000000eb900000)
 ParOldGen       total 159744K, used 154245K [0x00000000c0000000, 0x00000000c9c00000, 0x00000000eab00000)
  object space 159744K, 96% used [0x00000000c0000000,0x00000000c96a1450,0x00000000c9c00000)
 Metaspace       used 100928K, committed 102400K, reserved 1179648K
  class space    used 10517K, committed 11200K, reserved 1048576K

Card table byte_map: [0x00000260bbc00000,0x00000260bbe10000] _byte_map_base: 0x00000260bb600000

Marking Bits: (ParMarkBitMap*) 0x00007ff963f0d7d0
 Begin Bits: [0x00000260cdee0000, 0x00000260ceee0000)
 End Bits:   [0x00000260ceee0000, 0x00000260cfee0000)

Polling page: 0x00000260ba010000

Metaspace:

Usage:
  Non-class:     88.29 MB used.
      Class:     10.27 MB used.
       Both:     98.56 MB used.

Virtual space:
  Non-class space:      128.00 MB reserved,      89.06 MB ( 70%) committed,  2 nodes.
      Class space:        1.00 GB reserved,      10.94 MB (  1%) committed,  1 nodes.
             Both:        1.12 GB reserved,     100.00 MB (  9%) committed. 

Chunk freelists:
   Non-Class:  6.22 MB
       Class:  5.00 MB
        Both:  11.22 MB

MaxMetaspaceSize: unlimited
CompressedClassSpaceSize: 1.00 GB
Initial GC threshold: 21.00 MB
Current GC threshold: 166.50 MB
CDS: off
MetaspaceReclaimPolicy: balanced
 - commit_granule_bytes: 65536.
 - commit_granule_words: 8192.
 - virtual_space_node_default_size: 8388608.
 - enlarge_chunks_in_place: 1.
 - new_chunks_are_fully_committed: 0.
 - uncommit_free_chunks: 1.
 - use_allocation_guard: 0.
 - handle_deallocations: 1.


Internal statistics:

num_allocs_failed_limit: 9.
num_arena_births: 1284.
num_arena_deaths: 18.
num_vsnodes_births: 3.
num_vsnodes_deaths: 0.
num_space_committed: 1600.
num_space_uncommitted: 0.
num_chunks_returned_to_freelist: 29.
num_chunks_taken_from_freelist: 5667.
num_chunk_merges: 12.
num_chunk_splits: 3438.
num_chunks_enlarged: 1839.
num_inconsistent_stats: 0.

CodeHeap 'non-profiled nmethods': size=119168Kb used=18717Kb max_used=18717Kb free=100450Kb
 bounds [0x00000260c6a80000, 0x00000260c7cd0000, 0x00000260cdee0000]
CodeHeap 'profiled nmethods': size=119104Kb used=38124Kb max_used=38124Kb free=80979Kb
 bounds [0x00000260beee0000, 0x00000260c1430000, 0x00000260c6330000]
CodeHeap 'non-nmethods': size=7488Kb used=1478Kb max_used=3269Kb free=6009Kb
 bounds [0x00000260c6330000, 0x00000260c6680000, 0x00000260c6a80000]
 total_blobs=18683 nmethods=17841 adapters=751
 compilation: enabled
              stopped_count=0, restarted_count=0
 full_count=0

Compilation events (20 events):
Event: 859.453 Thread 0x00000260d52305d0 nmethod 23434 0x00000260c1422d90 code [0x00000260c1422f60, 0x00000260c1423408]
Event: 859.453 Thread 0x00000260d52305d0 23435       3       org.eclipse.jdt.internal.compiler.parser.Parser::consumeSwitchLabeledBlock (5 bytes)
Event: 859.453 Thread 0x00000260d52305d0 nmethod 23435 0x00000260c1423590 code [0x00000260c1423720, 0x00000260c14238c8]
Event: 859.454 Thread 0x00000260d52305d0 23436       3       org.eclipse.jdt.internal.compiler.codegen.StackMapFrameCodeStream::getFramePositions (73 bytes)
Event: 859.454 Thread 0x00000260d52305d0 nmethod 23436 0x00000260c1423990 code [0x00000260c1423ba0, 0x00000260c14243b8]
Event: 859.713 Thread 0x00000260d52305d0 23437       3       org.eclipse.jdt.internal.core.JavaElement::getJavaModel (8 bytes)
Event: 859.714 Thread 0x00000260d52305d0 nmethod 23437 0x00000260c1424690 code [0x00000260c1424840, 0x00000260c1424c48]
Event: 859.714 Thread 0x00000260d52305d0 23438   !   3       org.eclipse.jdt.internal.core.JavaProject::validateExistence (30 bytes)
Event: 859.714 Thread 0x00000260d52305d0 nmethod 23438 0x00000260c1424d90 code [0x00000260c1424f80, 0x00000260c1425608]
Event: 859.727 Thread 0x00000260d522ac90 23439   !   4       org.eclipse.jdt.internal.compiler.ast.SwitchStatement::resolve (1538 bytes)
Event: 859.728 Thread 0x00000260d52305d0 23440       3       org.eclipse.jdt.internal.compiler.lookup.MethodBinding::isFinal (14 bytes)
Event: 859.728 Thread 0x00000260d52305d0 nmethod 23440 0x00000260c1425890 code [0x00000260c1425a20, 0x00000260c1425b98]
Event: 859.728 Thread 0x00000260d52305d0 23441       1       org.eclipse.jdt.internal.compiler.ast.ThisReference::checkNPE (2 bytes)
Event: 859.728 Thread 0x00000260d52305d0 nmethod 23441 0x00000260c7cc7290 code [0x00000260c7cc7420, 0x00000260c7cc74f8]
Event: 859.728 Thread 0x00000260d52305d0 23442       3       org.eclipse.jdt.internal.compiler.ClassFile::filterFakeFrames (97 bytes)
Event: 859.729 Thread 0x00000260d52305d0 nmethod 23442 0x00000260c1425c10 code [0x00000260c1425ee0, 0x00000260c1427128]
Event: 859.729 Thread 0x00000260d52305d0 23443       3       org.eclipse.jdt.internal.compiler.codegen.CodeStream::fieldAccess (101 bytes)
Event: 859.729 Thread 0x00000260d52305d0 nmethod 23443 0x00000260c1427790 code [0x00000260c1427960, 0x00000260c1427dd8]
Event: 859.729 Thread 0x00000260d52305d0 23444       3       org.eclipse.jdt.internal.corext.dom.Selection::createFromStartLength (44 bytes)
Event: 859.729 Thread 0x00000260d52305d0 nmethod 23444 0x00000260c1427f90 code [0x00000260c1428180, 0x00000260c1428658]

GC Heap History (20 events):
Event: 846.691 GC heap before
{Heap before GC invocations=1737 (full 43):
 PSYoungGen      total 10752K, used 10732K [0x00000000eab00000, 0x00000000ec400000, 0x0000000100000000)
  eden space 7168K, 100% used [0x00000000eab00000,0x00000000eb200000,0x00000000eb200000)
  from space 3584K, 99% used [0x00000000eb280000,0x00000000eb5fb280,0x00000000eb600000)
  to   space 9216K, 0% used [0x00000000ebb00000,0x00000000ebb00000,0x00000000ec400000)
 ParOldGen       total 159744K, used 139775K [0x00000000c0000000, 0x00000000c9c00000, 0x00000000eab00000)
  object space 159744K, 87% used [0x00000000c0000000,0x00000000c887fcd0,0x00000000c9c00000)
 Metaspace       used 100858K, committed 102336K, reserved 1179648K
  class space    used 10517K, committed 11200K, reserved 1048576K
}
Event: 846.692 GC heap after
{Heap after GC invocations=1737 (full 43):
 PSYoungGen      total 8192K, used 1004K [0x00000000eab00000, 0x00000000ebc00000, 0x0000000100000000)
  eden space 7168K, 0% used [0x00000000eab00000,0x00000000eab00000,0x00000000eb200000)
  from space 1024K, 98% used [0x00000000ebb00000,0x00000000ebbfb280,0x00000000ebc00000)
  to   space 3584K, 0% used [0x00000000eb500000,0x00000000eb500000,0x00000000eb880000)
 ParOldGen       total 159744K, used 143411K [0x00000000c0000000, 0x00000000c9c00000, 0x00000000eab00000)
  object space 159744K, 89% used [0x00000000c0000000,0x00000000c8c0cf50,0x00000000c9c00000)
 Metaspace       used 100858K, committed 102336K, reserved 1179648K
  class space    used 10517K, committed 11200K, reserved 1048576K
}
Event: 846.701 GC heap before
{Heap before GC invocations=1738 (full 43):
 PSYoungGen      total 8192K, used 8172K [0x00000000eab00000, 0x00000000ebc00000, 0x0000000100000000)
  eden space 7168K, 100% used [0x00000000eab00000,0x00000000eb200000,0x00000000eb200000)
  from space 1024K, 98% used [0x00000000ebb00000,0x00000000ebbfb280,0x00000000ebc00000)
  to   space 3584K, 0% used [0x00000000eb500000,0x00000000eb500000,0x00000000eb880000)
 ParOldGen       total 159744K, used 143411K [0x00000000c0000000, 0x00000000c9c00000, 0x00000000eab00000)
  object space 159744K, 89% used [0x00000000c0000000,0x00000000c8c0cf50,0x00000000c9c00000)
 Metaspace       used 100858K, committed 102336K, reserved 1179648K
  class space    used 10517K, committed 11200K, reserved 1048576K
}
Event: 846.702 GC heap after
{Heap after GC invocations=1738 (full 43):
 PSYoungGen      total 10752K, used 608K [0x00000000eab00000, 0x00000000ebb80000, 0x0000000100000000)
  eden space 7168K, 0% used [0x00000000eab00000,0x00000000eab00000,0x00000000eb200000)
  from space 3584K, 16% used [0x00000000eb500000,0x00000000eb598020,0x00000000eb880000)
  to   space 1536K, 0% used [0x00000000eba00000,0x00000000eba00000,0x00000000ebb80000)
 ParOldGen       total 159744K, used 143571K [0x00000000c0000000, 0x00000000c9c00000, 0x00000000eab00000)
  object space 159744K, 89% used [0x00000000c0000000,0x00000000c8c34f50,0x00000000c9c00000)
 Metaspace       used 100858K, committed 102336K, reserved 1179648K
  class space    used 10517K, committed 11200K, reserved 1048576K
}
Event: 847.079 GC heap before
{Heap before GC invocations=1739 (full 43):
 PSYoungGen      total 10752K, used 7776K [0x00000000eab00000, 0x00000000ebb80000, 0x0000000100000000)
  eden space 7168K, 100% used [0x00000000eab00000,0x00000000eb200000,0x00000000eb200000)
  from space 3584K, 16% used [0x00000000eb500000,0x00000000eb598020,0x00000000eb880000)
  to   space 1536K, 0% used [0x00000000eba00000,0x00000000eba00000,0x00000000ebb80000)
 ParOldGen       total 159744K, used 143571K [0x00000000c0000000, 0x00000000c9c00000, 0x00000000eab00000)
  object space 159744K, 89% used [0x00000000c0000000,0x00000000c8c34f50,0x00000000c9c00000)
 Metaspace       used 100859K, committed 102336K, reserved 1179648K
  class space    used 10517K, committed 11200K, reserved 1048576K
}
Event: 847.079 GC heap after
{Heap after GC invocations=1739 (full 43):
 PSYoungGen      total 8704K, used 1536K [0x00000000eab00000, 0x00000000ebb80000, 0x0000000100000000)
  eden space 7168K, 0% used [0x00000000eab00000,0x00000000eab00000,0x00000000eb200000)
  from space 1536K, 100% used [0x00000000eba00000,0x00000000ebb80000,0x00000000ebb80000)
  to   space 2048K, 0% used [0x00000000eb780000,0x00000000eb780000,0x00000000eb980000)
 ParOldGen       total 159744K, used 143982K [0x00000000c0000000, 0x00000000c9c00000, 0x00000000eab00000)
  object space 159744K, 90% used [0x00000000c0000000,0x00000000c8c9b890,0x00000000c9c00000)
 Metaspace       used 100859K, committed 102336K, reserved 1179648K
  class space    used 10517K, committed 11200K, reserved 1048576K
}
Event: 847.352 GC heap before
{Heap before GC invocations=1740 (full 43):
 PSYoungGen      total 8704K, used 8704K [0x00000000eab00000, 0x00000000ebb80000, 0x0000000100000000)
  eden space 7168K, 100% used [0x00000000eab00000,0x00000000eb200000,0x00000000eb200000)
  from space 1536K, 100% used [0x00000000eba00000,0x00000000ebb80000,0x00000000ebb80000)
  to   space 2048K, 0% used [0x00000000eb780000,0x00000000eb780000,0x00000000eb980000)
 ParOldGen       total 159744K, used 143982K [0x00000000c0000000, 0x00000000c9c00000, 0x00000000eab00000)
  object space 159744K, 90% used [0x00000000c0000000,0x00000000c8c9b890,0x00000000c9c00000)
 Metaspace       used 100859K, committed 102336K, reserved 1179648K
  class space    used 10517K, committed 11200K, reserved 1048576K
}
Event: 847.353 GC heap after
{Heap after GC invocations=1740 (full 43):
 PSYoungGen      total 9216K, used 2028K [0x00000000eab00000, 0x00000000ec000000, 0x0000000100000000)
  eden space 7168K, 0% used [0x00000000eab00000,0x00000000eab00000,0x00000000eb200000)
  from space 2048K, 99% used [0x00000000eb780000,0x00000000eb97b2a0,0x00000000eb980000)
  to   space 6656K, 0% used [0x00000000eb980000,0x00000000eb980000,0x00000000ec000000)
 ParOldGen       total 159744K, used 147894K [0x00000000c0000000, 0x00000000c9c00000, 0x00000000eab00000)
  object space 159744K, 92% used [0x00000000c0000000,0x00000000c906d890,0x00000000c9c00000)
 Metaspace       used 100859K, committed 102336K, reserved 1179648K
  class space    used 10517K, committed 11200K, reserved 1048576K
}
Event: 848.798 GC heap before
{Heap before GC invocations=1741 (full 43):
 PSYoungGen      total 9216K, used 9196K [0x00000000eab00000, 0x00000000ec000000, 0x0000000100000000)
  eden space 7168K, 100% used [0x00000000eab00000,0x00000000eb200000,0x00000000eb200000)
  from space 2048K, 99% used [0x00000000eb780000,0x00000000eb97b2a0,0x00000000eb980000)
  to   space 6656K, 0% used [0x00000000eb980000,0x00000000eb980000,0x00000000ec000000)
 ParOldGen       total 159744K, used 147894K [0x00000000c0000000, 0x00000000c9c00000, 0x00000000eab00000)
  object space 159744K, 92% used [0x00000000c0000000,0x00000000c906d890,0x00000000c9c00000)
 Metaspace       used 100881K, committed 102336K, reserved 1179648K
  class space    used 10517K, committed 11200K, reserved 1048576K
}
Event: 848.799 GC heap after
{Heap after GC invocations=1741 (full 43):
 PSYoungGen      total 9216K, used 1804K [0x00000000eab00000, 0x00000000ebb80000, 0x0000000100000000)
  eden space 7168K, 0% used [0x00000000eab00000,0x00000000eab00000,0x00000000eb200000)
  from space 2048K, 88% used [0x00000000eb980000,0x00000000ebb43280,0x00000000ebb80000)
  to   space 3584K, 0% used [0x00000000eb480000,0x00000000eb480000,0x00000000eb800000)
 ParOldGen       total 159744K, used 149634K [0x00000000c0000000, 0x00000000c9c00000, 0x00000000eab00000)
  object space 159744K, 93% used [0x00000000c0000000,0x00000000c9220b10,0x00000000c9c00000)
 Metaspace       used 100881K, committed 102336K, reserved 1179648K
  class space    used 10517K, committed 11200K, reserved 1048576K
}
Event: 848.809 GC heap before
{Heap before GC invocations=1742 (full 43):
 PSYoungGen      total 9216K, used 8972K [0x00000000eab00000, 0x00000000ebb80000, 0x0000000100000000)
  eden space 7168K, 100% used [0x00000000eab00000,0x00000000eb200000,0x00000000eb200000)
  from space 2048K, 88% used [0x00000000eb980000,0x00000000ebb43280,0x00000000ebb80000)
  to   space 3584K, 0% used [0x00000000eb480000,0x00000000eb480000,0x00000000eb800000)
 ParOldGen       total 159744K, used 149634K [0x00000000c0000000, 0x00000000c9c00000, 0x00000000eab00000)
  object space 159744K, 93% used [0x00000000c0000000,0x00000000c9220b10,0x00000000c9c00000)
 Metaspace       used 100884K, committed 102400K, reserved 1179648K
  class space    used 10517K, committed 11200K, reserved 1048576K
}
Event: 848.810 GC heap after
{Heap after GC invocations=1742 (full 43):
 PSYoungGen      total 10752K, used 912K [0x00000000eab00000, 0x00000000eba00000, 0x0000000100000000)
  eden space 7168K, 0% used [0x00000000eab00000,0x00000000eab00000,0x00000000eb200000)
  from space 3584K, 25% used [0x00000000eb480000,0x00000000eb564030,0x00000000eb800000)
  to   space 1536K, 0% used [0x00000000eb880000,0x00000000eb880000,0x00000000eba00000)
 ParOldGen       total 159744K, used 149722K [0x00000000c0000000, 0x00000000c9c00000, 0x00000000eab00000)
  object space 159744K, 93% used [0x00000000c0000000,0x00000000c9236b10,0x00000000c9c00000)
 Metaspace       used 100884K, committed 102400K, reserved 1179648K
  class space    used 10517K, committed 11200K, reserved 1048576K
}
Event: 849.378 GC heap before
{Heap before GC invocations=1743 (full 43):
 PSYoungGen      total 10752K, used 8080K [0x00000000eab00000, 0x00000000eba00000, 0x0000000100000000)
  eden space 7168K, 100% used [0x00000000eab00000,0x00000000eb200000,0x00000000eb200000)
  from space 3584K, 25% used [0x00000000eb480000,0x00000000eb564030,0x00000000eb800000)
  to   space 1536K, 0% used [0x00000000eb880000,0x00000000eb880000,0x00000000eba00000)
 ParOldGen       total 159744K, used 149722K [0x00000000c0000000, 0x00000000c9c00000, 0x00000000eab00000)
  object space 159744K, 93% used [0x00000000c0000000,0x00000000c9236b10,0x00000000c9c00000)
 Metaspace       used 100889K, committed 102400K, reserved 1179648K
  class space    used 10517K, committed 11200K, reserved 1048576K
}
Event: 849.379 GC heap after
{Heap after GC invocations=1743 (full 43):
 PSYoungGen      total 8704K, used 1184K [0x00000000eab00000, 0x00000000eba00000, 0x0000000100000000)
  eden space 7168K, 0% used [0x00000000eab00000,0x00000000eab00000,0x00000000eb200000)
  from space 1536K, 77% used [0x00000000eb880000,0x00000000eb9a8020,0x00000000eba00000)
  to   space 1536K, 0% used [0x00000000eb700000,0x00000000eb700000,0x00000000eb880000)
 ParOldGen       total 159744K, used 150461K [0x00000000c0000000, 0x00000000c9c00000, 0x00000000eab00000)
  object space 159744K, 94% used [0x00000000c0000000,0x00000000c92ef450,0x00000000c9c00000)
 Metaspace       used 100889K, committed 102400K, reserved 1179648K
  class space    used 10517K, committed 11200K, reserved 1048576K
}
Event: 859.001 GC heap before
{Heap before GC invocations=1744 (full 43):
 PSYoungGen      total 8704K, used 8352K [0x00000000eab00000, 0x00000000eba00000, 0x0000000100000000)
  eden space 7168K, 100% used [0x00000000eab00000,0x00000000eb200000,0x00000000eb200000)
  from space 1536K, 77% used [0x00000000eb880000,0x00000000eb9a8020,0x00000000eba00000)
  to   space 1536K, 0% used [0x00000000eb700000,0x00000000eb700000,0x00000000eb880000)
 ParOldGen       total 159744K, used 150461K [0x00000000c0000000, 0x00000000c9c00000, 0x00000000eab00000)
  object space 159744K, 94% used [0x00000000c0000000,0x00000000c92ef450,0x00000000c9c00000)
 Metaspace       used 100905K, committed 102400K, reserved 1179648K
  class space    used 10517K, committed 11200K, reserved 1048576K
}
Event: 859.002 GC heap after
{Heap after GC invocations=1744 (full 43):
 PSYoungGen      total 7680K, used 384K [0x00000000eab00000, 0x00000000eb900000, 0x0000000100000000)
  eden space 7168K, 0% used [0x00000000eab00000,0x00000000eab00000,0x00000000eb200000)
  from space 512K, 75% used [0x00000000eb700000,0x00000000eb760000,0x00000000eb780000)
  to   space 1024K, 0% used [0x00000000eb800000,0x00000000eb800000,0x00000000eb900000)
 ParOldGen       total 159744K, used 151101K [0x00000000c0000000, 0x00000000c9c00000, 0x00000000eab00000)
  object space 159744K, 94% used [0x00000000c0000000,0x00000000c938f450,0x00000000c9c00000)
 Metaspace       used 100905K, committed 102400K, reserved 1179648K
  class space    used 10517K, committed 11200K, reserved 1048576K
}
Event: 859.451 GC heap before
{Heap before GC invocations=1745 (full 43):
 PSYoungGen      total 7680K, used 7551K [0x00000000eab00000, 0x00000000eb900000, 0x0000000100000000)
  eden space 7168K, 99% used [0x00000000eab00000,0x00000000eb1ffea8,0x00000000eb200000)
  from space 512K, 75% used [0x00000000eb700000,0x00000000eb760000,0x00000000eb780000)
  to   space 1024K, 0% used [0x00000000eb800000,0x00000000eb800000,0x00000000eb900000)
 ParOldGen       total 159744K, used 151101K [0x00000000c0000000, 0x00000000c9c00000, 0x00000000eab00000)
  object space 159744K, 94% used [0x00000000c0000000,0x00000000c938f450,0x00000000c9c00000)
 Metaspace       used 100925K, committed 102400K, reserved 1179648K
  class space    used 10517K, committed 11200K, reserved 1048576K
}
Event: 859.452 GC heap after
{Heap after GC invocations=1745 (full 43):
 PSYoungGen      total 8192K, used 560K [0x00000000eab00000, 0x00000000eb900000, 0x0000000100000000)
  eden space 7168K, 0% used [0x00000000eab00000,0x00000000eab00000,0x00000000eb200000)
  from space 1024K, 54% used [0x00000000eb800000,0x00000000eb88c030,0x00000000eb900000)
  to   space 1024K, 0% used [0x00000000eb700000,0x00000000eb700000,0x00000000eb800000)
 ParOldGen       total 159744K, used 151165K [0x00000000c0000000, 0x00000000c9c00000, 0x00000000eab00000)
  object space 159744K, 94% used [0x00000000c0000000,0x00000000c939f450,0x00000000c9c00000)
 Metaspace       used 100925K, committed 102400K, reserved 1179648K
  class space    used 10517K, committed 11200K, reserved 1048576K
}
Event: 859.720 GC heap before
{Heap before GC invocations=1746 (full 43):
 PSYoungGen      total 8192K, used 7728K [0x00000000eab00000, 0x00000000eb900000, 0x0000000100000000)
  eden space 7168K, 99% used [0x00000000eab00000,0x00000000eb1ffff8,0x00000000eb200000)
  from space 1024K, 54% used [0x00000000eb800000,0x00000000eb88c030,0x00000000eb900000)
  to   space 1024K, 0% used [0x00000000eb700000,0x00000000eb700000,0x00000000eb800000)
 ParOldGen       total 159744K, used 151165K [0x00000000c0000000, 0x00000000c9c00000, 0x00000000eab00000)
  object space 159744K, 94% used [0x00000000c0000000,0x00000000c939f450,0x00000000c9c00000)
 Metaspace       used 100927K, committed 102400K, reserved 1179648K
  class space    used 10517K, committed 11200K, reserved 1048576K
}
Event: 859.721 GC heap after
{Heap after GC invocations=1746 (full 43):
 PSYoungGen      total 8192K, used 1004K [0x00000000eab00000, 0x00000000eb900000, 0x0000000100000000)
  eden space 7168K, 0% used [0x00000000eab00000,0x00000000eab00000,0x00000000eb200000)
  from space 1024K, 98% used [0x00000000eb700000,0x00000000eb7fb2a0,0x00000000eb800000)
  to   space 1024K, 0% used [0x00000000eb800000,0x00000000eb800000,0x00000000eb900000)
 ParOldGen       total 159744K, used 154245K [0x00000000c0000000, 0x00000000c9c00000, 0x00000000eab00000)
  object space 159744K, 96% used [0x00000000c0000000,0x00000000c96a1450,0x00000000c9c00000)
 Metaspace       used 100927K, committed 102400K, reserved 1179648K
  class space    used 10517K, committed 11200K, reserved 1048576K
}

Dll operation events (12 events):
Event: 0.007 Loaded shared library c:\Users\micha\.vscode\extensions\redhat.java-1.30.0-win32-x64\jre\17.0.10-win32-x86_64\bin\java.dll
Event: 0.090 Loaded shared library c:\Users\micha\.vscode\extensions\redhat.java-1.30.0-win32-x64\jre\17.0.10-win32-x86_64\bin\zip.dll
Event: 0.092 Loaded shared library C:\Users\micha\.vscode\extensions\redhat.java-1.30.0-win32-x64\jre\17.0.10-win32-x86_64\bin\instrument.dll
Event: 0.101 Loaded shared library C:\Users\micha\.vscode\extensions\redhat.java-1.30.0-win32-x64\jre\17.0.10-win32-x86_64\bin\net.dll
Event: 0.102 Loaded shared library C:\Users\micha\.vscode\extensions\redhat.java-1.30.0-win32-x64\jre\17.0.10-win32-x86_64\bin\nio.dll
Event: 0.106 Loaded shared library C:\Users\micha\.vscode\extensions\redhat.java-1.30.0-win32-x64\jre\17.0.10-win32-x86_64\bin\zip.dll
Event: 0.116 Loaded shared library C:\Users\micha\.vscode\extensions\redhat.java-1.30.0-win32-x64\jre\17.0.10-win32-x86_64\bin\jimage.dll
Event: 0.153 Loaded shared library c:\Users\micha\.vscode\extensions\redhat.java-1.30.0-win32-x64\jre\17.0.10-win32-x86_64\bin\verify.dll
Event: 4.504 Loaded shared library C:\Users\micha\AppData\Roaming\Code\User\globalStorage\redhat.java\1.30.0\config_win\org.eclipse.equinox.launcher\org.eclipse.equinox.launcher.win32.win32.x86_64_1.2.900.v20240213-1244\eclipse_11900.dll
Event: 12.934 Loaded shared library C:\Users\micha\AppData\Local\Temp\jna-103890304\jna14307364261486490312.dll
Event: 13.659 Loaded shared library C:\Users\micha\.vscode\extensions\redhat.java-1.30.0-win32-x64\jre\17.0.10-win32-x86_64\bin\sunmscapi.dll
Event: 13.698 Loaded shared library C:\Users\micha\.vscode\extensions\redhat.java-1.30.0-win32-x64\jre\17.0.10-win32-x86_64\bin\extnet.dll

Deoptimization events (20 events):
Event: 845.782 Thread 0x00000260da6932e0 Uncommon trap: trap_request=0xffffffc6 fr.pc=0x00000260c7c3b5b0 relative=0x00000000000026f0
Event: 845.782 Thread 0x00000260da6932e0 Uncommon trap: reason=bimorphic_or_optimized_type_check action=maybe_recompile pc=0x00000260c7c3b5b0 method=org.eclipse.jdt.internal.compiler.ast.SwitchStatement.resolve(Lorg/eclipse/jdt/internal/compiler/lookup/BlockScope;)V @ 1049 c2
Event: 845.782 Thread 0x00000260da6932e0 DEOPT PACKING pc=0x00000260c7c3b5b0 sp=0x00000086804fe320
Event: 845.782 Thread 0x00000260da6932e0 DEOPT UNPACKING pc=0x00000260c63866a3 sp=0x00000086804fe298 mode 2
Event: 846.416 Thread 0x00000260da6983e0 Uncommon trap: trap_request=0xffffffc6 fr.pc=0x00000260c7c3b5b0 relative=0x00000000000026f0
Event: 846.416 Thread 0x00000260da6983e0 Uncommon trap: reason=bimorphic_or_optimized_type_check action=maybe_recompile pc=0x00000260c7c3b5b0 method=org.eclipse.jdt.internal.compiler.ast.SwitchStatement.resolve(Lorg/eclipse/jdt/internal/compiler/lookup/BlockScope;)V @ 1049 c2
Event: 846.416 Thread 0x00000260da6983e0 DEOPT PACKING pc=0x00000260c7c3b5b0 sp=0x00000086809feef0
Event: 846.416 Thread 0x00000260da6983e0 DEOPT UNPACKING pc=0x00000260c63866a3 sp=0x00000086809fee68 mode 2
Event: 846.566 Thread 0x00000260da696fa0 Uncommon trap: trap_request=0xffffffbe fr.pc=0x00000260c78559b8 relative=0x0000000000001458
Event: 846.566 Thread 0x00000260da696fa0 Uncommon trap: reason=profile_predicate action=maybe_recompile pc=0x00000260c78559b8 method=org.eclipse.aether.DefaultRepositorySystemSession.copySafe(Ljava/util/Map;Ljava/lang/Class;)Ljava/util/Map; @ 66 c2
Event: 846.566 Thread 0x00000260da696fa0 DEOPT PACKING pc=0x00000260c78559b8 sp=0x0000008680afe310
Event: 846.566 Thread 0x00000260da696fa0 DEOPT UNPACKING pc=0x00000260c63866a3 sp=0x0000008680afe2f8 mode 2
Event: 859.018 Thread 0x00000260da6988f0 Uncommon trap: trap_request=0xffffffc6 fr.pc=0x00000260c7adac88 relative=0x0000000000000888
Event: 859.018 Thread 0x00000260da6988f0 Uncommon trap: reason=bimorphic_or_optimized_type_check action=maybe_recompile pc=0x00000260c7adac88 method=java.lang.ThreadLocal.set(Ljava/lang/Object;)V @ 26 c2
Event: 859.018 Thread 0x00000260da6988f0 DEOPT PACKING pc=0x00000260c7adac88 sp=0x00000086809ff2e0
Event: 859.018 Thread 0x00000260da6988f0 DEOPT UNPACKING pc=0x00000260c63866a3 sp=0x00000086809ff280 mode 2
Event: 859.727 Thread 0x00000260dc6416e0 Uncommon trap: trap_request=0xffffffc6 fr.pc=0x00000260c79eb084 relative=0x0000000000001584
Event: 859.727 Thread 0x00000260dc6416e0 Uncommon trap: reason=bimorphic_or_optimized_type_check action=maybe_recompile pc=0x00000260c79eb084 method=org.eclipse.jdt.internal.compiler.ast.SwitchStatement.resolve(Lorg/eclipse/jdt/internal/compiler/lookup/BlockScope;)V @ 1049 c2
Event: 859.727 Thread 0x00000260dc6416e0 DEOPT PACKING pc=0x00000260c79eb084 sp=0x00000086802fdfb0
Event: 859.727 Thread 0x00000260dc6416e0 DEOPT UNPACKING pc=0x00000260c63866a3 sp=0x00000086802fdf48 mode 2

Classes unloaded (9 events):
Event: 12.781 Thread 0x00000260bc2f6b80 Unloading class 0x0000000100250400 'java/lang/invoke/LambdaForm$MH+0x0000000100250400'
Event: 12.781 Thread 0x00000260bc2f6b80 Unloading class 0x0000000100250000 'java/lang/invoke/LambdaForm$MH+0x0000000100250000'
Event: 12.781 Thread 0x00000260bc2f6b80 Unloading class 0x000000010024fc00 'java/lang/invoke/LambdaForm$MH+0x000000010024fc00'
Event: 12.781 Thread 0x00000260bc2f6b80 Unloading class 0x000000010024f800 'java/lang/invoke/LambdaForm$MH+0x000000010024f800'
Event: 12.781 Thread 0x00000260bc2f6b80 Unloading class 0x000000010024f400 'java/lang/invoke/LambdaForm$BMH+0x000000010024f400'
Event: 12.781 Thread 0x00000260bc2f6b80 Unloading class 0x000000010024f000 'java/lang/invoke/LambdaForm$DMH+0x000000010024f000'
Event: 12.781 Thread 0x00000260bc2f6b80 Unloading class 0x000000010024c400 'java/lang/invoke/LambdaForm$DMH+0x000000010024c400'
Event: 30.939 Thread 0x00000260bc2f6b80 Unloading class 0x0000000100870000 'java/lang/invoke/LambdaForm$MH+0x0000000100870000'
Event: 30.939 Thread 0x00000260bc2f6b80 Unloading class 0x000000010086c800 'java/lang/invoke/LambdaForm$DMH+0x000000010086c800'

Classes redefined (0 events):
No events

Internal exceptions (20 events):
Event: 845.375 Thread 0x00000260dcadcee0 Exception <a 'java/lang/ArrayIndexOutOfBoundsException'{0x00000000eabb6228}> (0x00000000eabb6228) 
thrown [s\src\hotspot\share\runtime\sharedRuntime.cpp, line 631]
Event: 845.375 Thread 0x00000260dcadcee0 Exception <a 'java/lang/ArrayIndexOutOfBoundsException'{0x00000000eabba878}> (0x00000000eabba878) 
thrown [s\src\hotspot\share\runtime\sharedRuntime.cpp, line 631]
Event: 845.375 Thread 0x00000260dcadcee0 Exception <a 'java/lang/ArrayIndexOutOfBoundsException'{0x00000000eabbeec8}> (0x00000000eabbeec8) 
thrown [s\src\hotspot\share\runtime\sharedRuntime.cpp, line 631]
Event: 845.375 Thread 0x00000260dcadcee0 Exception <a 'java/lang/ArrayIndexOutOfBoundsException'{0x00000000eabc3b40}> (0x00000000eabc3b40) 
thrown [s\src\hotspot\share\runtime\sharedRuntime.cpp, line 631]
Event: 845.375 Thread 0x00000260dcadcee0 Exception <a 'java/lang/ArrayIndexOutOfBoundsException'{0x00000000eabc8190}> (0x00000000eabc8190) 
thrown [s\src\hotspot\share\runtime\sharedRuntime.cpp, line 631]
Event: 845.375 Thread 0x00000260dcadcee0 Exception <a 'java/lang/ArrayIndexOutOfBoundsException'{0x00000000eabcc7e0}> (0x00000000eabcc7e0) 
thrown [s\src\hotspot\share\runtime\sharedRuntime.cpp, line 631]
Event: 845.375 Thread 0x00000260dcadcee0 Exception <a 'java/lang/ArrayIndexOutOfBoundsException'{0x00000000eabd0e30}> (0x00000000eabd0e30) 
thrown [s\src\hotspot\share\runtime\sharedRuntime.cpp, line 631]
Event: 845.375 Thread 0x00000260dcadcee0 Exception <a 'java/lang/ArrayIndexOutOfBoundsException'{0x00000000eabd5480}> (0x00000000eabd5480) 
thrown [s\src\hotspot\share\runtime\sharedRuntime.cpp, line 631]
Event: 845.375 Thread 0x00000260dcadcee0 Exception <a 'java/lang/ArrayIndexOutOfBoundsException'{0x00000000eabd9ae0}> (0x00000000eabd9ae0) 
thrown [s\src\hotspot\share\runtime\sharedRuntime.cpp, line 631]
Event: 845.375 Thread 0x00000260dcadcee0 Exception <a 'java/lang/ArrayIndexOutOfBoundsException'{0x00000000eabde148}> (0x00000000eabde148) 
thrown [s\src\hotspot\share\runtime\sharedRuntime.cpp, line 631]
Event: 845.375 Thread 0x00000260dcadcee0 Exception <a 'java/lang/ArrayIndexOutOfBoundsException'{0x00000000eabe2af0}> (0x00000000eabe2af0) 
thrown [s\src\hotspot\share\runtime\sharedRuntime.cpp, line 631]
Event: 845.375 Thread 0x00000260dcadcee0 Exception <a 'java/lang/ArrayIndexOutOfBoundsException'{0x00000000eabe7168}> (0x00000000eabe7168) 
thrown [s\src\hotspot\share\runtime\sharedRuntime.cpp, line 631]
Event: 845.375 Thread 0x00000260dcadcee0 Exception <a 'java/lang/ArrayIndexOutOfBoundsException'{0x00000000eabeb7e0}> (0x00000000eabeb7e0) 
thrown [s\src\hotspot\share\runtime\sharedRuntime.cpp, line 631]
Event: 845.375 Thread 0x00000260dcadcee0 Exception <a 'java/lang/ArrayIndexOutOfBoundsException'{0x00000000eabefe40}> (0x00000000eabefe40) 
thrown [s\src\hotspot\share\runtime\sharedRuntime.cpp, line 631]
Event: 846.311 Thread 0x00000260d99e2f10 Exception <a 'sun/nio/fs/WindowsException'{0x00000000eab00f48}> (0x00000000eab00f48) 
thrown [s\src\hotspot\share\prims\jni.cpp, line 516]
Event: 846.465 Thread 0x00000260d99e2f10 Exception <a 'sun/nio/fs/WindowsException'{0x00000000eab00780}> (0x00000000eab00780) 
thrown [s\src\hotspot\share\prims\jni.cpp, line 516]
Event: 859.028 Thread 0x00000260da694210 Exception <a 'sun/nio/fs/WindowsException'{0x00000000eadb2460}> (0x00000000eadb2460) 
thrown [s\src\hotspot\share\prims\jni.cpp, line 516]
Event: 859.028 Thread 0x00000260da694210 Exception <a 'sun/nio/fs/WindowsException'{0x00000000eadb2740}> (0x00000000eadb2740) 
thrown [s\src\hotspot\share\prims\jni.cpp, line 516]
Event: 859.028 Thread 0x00000260da694210 Exception <a 'sun/nio/fs/WindowsException'{0x00000000eadb30a0}> (0x00000000eadb30a0) 
thrown [s\src\hotspot\share\prims\jni.cpp, line 516]
Event: 859.028 Thread 0x00000260da694210 Exception <a 'sun/nio/fs/WindowsException'{0x00000000eadb3370}> (0x00000000eadb3370) 
thrown [s\src\hotspot\share\prims\jni.cpp, line 516]

VM Operations (20 events):
Event: 846.701 Executing VM operation: ParallelGCFailedAllocation
Event: 846.702 Executing VM operation: ParallelGCFailedAllocation done
Event: 847.079 Executing VM operation: ParallelGCFailedAllocation
Event: 847.079 Executing VM operation: ParallelGCFailedAllocation done
Event: 847.352 Executing VM operation: ParallelGCFailedAllocation
Event: 847.353 Executing VM operation: ParallelGCFailedAllocation done
Event: 848.798 Executing VM operation: ParallelGCFailedAllocation
Event: 848.799 Executing VM operation: ParallelGCFailedAllocation done
Event: 848.809 Executing VM operation: ParallelGCFailedAllocation
Event: 848.810 Executing VM operation: ParallelGCFailedAllocation done
Event: 849.378 Executing VM operation: ParallelGCFailedAllocation
Event: 849.379 Executing VM operation: ParallelGCFailedAllocation done
Event: 852.409 Executing VM operation: Cleanup
Event: 852.409 Executing VM operation: Cleanup done
Event: 859.001 Executing VM operation: ParallelGCFailedAllocation
Event: 859.002 Executing VM operation: ParallelGCFailedAllocation done
Event: 859.451 Executing VM operation: ParallelGCFailedAllocation
Event: 859.452 Executing VM operation: ParallelGCFailedAllocation done
Event: 859.719 Executing VM operation: ParallelGCFailedAllocation
Event: 859.721 Executing VM operation: ParallelGCFailedAllocation done

Events (20 events):
Event: 835.649 Thread 0x00000260d52416a0 flushing nmethod 0x00000260c0b4c690
Event: 835.649 Thread 0x00000260d52416a0 flushing nmethod 0x00000260c0c1ae90
Event: 835.650 Thread 0x00000260d52416a0 flushing nmethod 0x00000260c0ce5310
Event: 835.651 Thread 0x00000260d52416a0 flushing nmethod 0x00000260c0e7af10
Event: 835.651 Thread 0x00000260d52416a0 flushing nmethod 0x00000260c0e7bc10
Event: 835.652 Thread 0x00000260d52416a0 flushing nmethod 0x00000260c1051190
Event: 835.652 Thread 0x00000260d52416a0 flushing nmethod 0x00000260c108bd90
Event: 835.653 Thread 0x00000260d52416a0 flushing nmethod 0x00000260c1172590
Event: 835.653 Thread 0x00000260d52416a0 flushing nmethod 0x00000260c121c590
Event: 835.653 Thread 0x00000260d52416a0 flushing nmethod 0x00000260c1234410
Event: 835.653 Thread 0x00000260d52416a0 flushing nmethod 0x00000260c123ad10
Event: 846.412 Thread 0x00000260da6983e0 Thread added: 0x00000260da6983e0
Event: 846.421 Thread 0x00000260da6983e0 Thread exited: 0x00000260da6983e0
Event: 859.018 Thread 0x00000260da6988f0 Thread added: 0x00000260da6988f0
Event: 859.024 Thread 0x00000260da694210 Thread added: 0x00000260da694210
Event: 859.029 Thread 0x00000260da695140 Thread added: 0x00000260da695140
Event: 859.059 Thread 0x00000260da696a90 Thread added: 0x00000260da696a90
Event: 859.060 Thread 0x00000260da695140 Thread exited: 0x00000260da695140
Event: 859.126 Thread 0x00000260da696a90 Thread exited: 0x00000260da696a90
Event: 859.167 Thread 0x00000260da694210 Thread exited: 0x00000260da694210


Dynamic libraries:
0x00007ff726ef0000 - 0x00007ff726efe000 	c:\Users\micha\.vscode\extensions\redhat.java-1.30.0-win32-x64\jre\17.0.10-win32-x86_64\bin\java.exe
0x00007ffa0bdf0000 - 0x00007ffa0c007000 	C:\WINDOWS\SYSTEM32\ntdll.dll
0x00007ffa0b5d0000 - 0x00007ffa0b694000 	C:\WINDOWS\System32\KERNEL32.DLL
0x00007ffa09210000 - 0x00007ffa095b7000 	C:\WINDOWS\System32\KERNELBASE.dll
0x00007ffa09860000 - 0x00007ffa09971000 	C:\WINDOWS\System32\ucrtbase.dll
0x00007ff9f0c80000 - 0x00007ff9f0c97000 	c:\Users\micha\.vscode\extensions\redhat.java-1.30.0-win32-x64\jre\17.0.10-win32-x86_64\bin\jli.dll
0x00007ff9f0910000 - 0x00007ff9f092b000 	c:\Users\micha\.vscode\extensions\redhat.java-1.30.0-win32-x64\jre\17.0.10-win32-x86_64\bin\VCRUNTIME140.dll
0x00007ffa0b9d0000 - 0x00007ffa0bb7e000 	C:\WINDOWS\System32\USER32.dll
0x00007ff9f3dc0000 - 0x00007ff9f4053000 	C:\WINDOWS\WinSxS\amd64_microsoft.windows.common-controls_6595b64144ccf1df_6.0.22621.3527_none_270e469b73872a76\COMCTL32.dll
0x00007ffa09110000 - 0x00007ffa09136000 	C:\WINDOWS\System32\win32u.dll
0x00007ffa0b370000 - 0x00007ffa0b417000 	C:\WINDOWS\System32\msvcrt.dll
0x00007ffa09b20000 - 0x00007ffa09b49000 	C:\WINDOWS\System32\GDI32.dll
0x00007ffa09980000 - 0x00007ffa09a99000 	C:\WINDOWS\System32\gdi32full.dll
0x00007ffa09140000 - 0x00007ffa091da000 	C:\WINDOWS\System32\msvcp_win.dll
0x00007ffa0b490000 - 0x00007ffa0b4c1000 	C:\WINDOWS\System32\IMM32.DLL
0x00007ff9f7ba0000 - 0x00007ff9f7bac000 	c:\Users\micha\.vscode\extensions\redhat.java-1.30.0-win32-x64\jre\17.0.10-win32-x86_64\bin\vcruntime140_1.dll
0x00007ff9c72a0000 - 0x00007ff9c732d000 	c:\Users\micha\.vscode\extensions\redhat.java-1.30.0-win32-x64\jre\17.0.10-win32-x86_64\bin\msvcp140.dll
0x00007ff963370000 - 0x00007ff963fd2000 	c:\Users\micha\.vscode\extensions\redhat.java-1.30.0-win32-x64\jre\17.0.10-win32-x86_64\bin\server\jvm.dll
0x00007ffa0bcf0000 - 0x00007ffa0bda2000 	C:\WINDOWS\System32\ADVAPI32.dll
0x00007ffa0b240000 - 0x00007ffa0b2e8000 	C:\WINDOWS\System32\sechost.dll
0x00007ffa091e0000 - 0x00007ffa09208000 	C:\WINDOWS\System32\bcrypt.dll
0x00007ffa0ae40000 - 0x00007ffa0af55000 	C:\WINDOWS\System32\RPCRT4.dll
0x00007ffa02ed0000 - 0x00007ffa02ed9000 	C:\WINDOWS\SYSTEM32\WSOCK32.dll
0x00007ffa08e20000 - 0x00007ffa08e6d000 	C:\WINDOWS\SYSTEM32\POWRPROF.dll
0x00007ffa00f70000 - 0x00007ffa00fa4000 	C:\WINDOWS\SYSTEM32\WINMM.dll
0x00007ffa0b2f0000 - 0x00007ffa0b361000 	C:\WINDOWS\System32\WS2_32.dll
0x00007ff9fe530000 - 0x00007ff9fe53a000 	C:\WINDOWS\SYSTEM32\VERSION.dll
0x00007ffa08e00000 - 0x00007ffa08e13000 	C:\WINDOWS\SYSTEM32\UMPDC.dll
0x00007ffa08090000 - 0x00007ffa080a8000 	C:\WINDOWS\SYSTEM32\kernel.appcore.dll
0x00007ff9f7470000 - 0x00007ff9f747a000 	c:\Users\micha\.vscode\extensions\redhat.java-1.30.0-win32-x64\jre\17.0.10-win32-x86_64\bin\jimage.dll
0x00007ffa06a40000 - 0x00007ffa06c73000 	C:\WINDOWS\SYSTEM32\DBGHELP.DLL
0x00007ffa0a430000 - 0x00007ffa0a7b8000 	C:\WINDOWS\System32\combase.dll
0x00007ffa0b160000 - 0x00007ffa0b237000 	C:\WINDOWS\System32\OLEAUT32.dll
0x00007ff9fe250000 - 0x00007ff9fe282000 	C:\WINDOWS\SYSTEM32\dbgcore.DLL
0x00007ffa09aa0000 - 0x00007ffa09b19000 	C:\WINDOWS\System32\bcryptPrimitives.dll
0x00007ff9f72c0000 - 0x00007ff9f72ce000 	c:\Users\micha\.vscode\extensions\redhat.java-1.30.0-win32-x64\jre\17.0.10-win32-x86_64\bin\instrument.dll
0x00007ff9ee800000 - 0x00007ff9ee825000 	c:\Users\micha\.vscode\extensions\redhat.java-1.30.0-win32-x64\jre\17.0.10-win32-x86_64\bin\java.dll
0x00007ff9ef9e0000 - 0x00007ff9ef9f8000 	c:\Users\micha\.vscode\extensions\redhat.java-1.30.0-win32-x64\jre\17.0.10-win32-x86_64\bin\zip.dll
0x00007ffa09b50000 - 0x00007ffa0a3ac000 	C:\WINDOWS\System32\SHELL32.dll
0x00007ffa07000000 - 0x00007ffa078f6000 	C:\WINDOWS\SYSTEM32\windows.storage.dll
0x00007ffa06ec0000 - 0x00007ffa06ffe000 	C:\WINDOWS\SYSTEM32\wintypes.dll
0x00007ffa0bbf0000 - 0x00007ffa0bce5000 	C:\WINDOWS\System32\SHCORE.dll
0x00007ffa0bb80000 - 0x00007ffa0bbde000 	C:\WINDOWS\System32\shlwapi.dll
0x00007ffa09040000 - 0x00007ffa09061000 	C:\WINDOWS\SYSTEM32\profapi.dll
0x00007ff9ef990000 - 0x00007ff9ef9a9000 	C:\Users\micha\.vscode\extensions\redhat.java-1.30.0-win32-x64\jre\17.0.10-win32-x86_64\bin\net.dll
0x00007ffa02d70000 - 0x00007ffa02ea6000 	C:\WINDOWS\SYSTEM32\WINHTTP.dll
0x00007ffa08550000 - 0x00007ffa085b9000 	C:\WINDOWS\system32\mswsock.dll
0x00007ff9ef930000 - 0x00007ff9ef946000 	C:\Users\micha\.vscode\extensions\redhat.java-1.30.0-win32-x64\jre\17.0.10-win32-x86_64\bin\nio.dll
0x00007ff9f7280000 - 0x00007ff9f7290000 	c:\Users\micha\.vscode\extensions\redhat.java-1.30.0-win32-x64\jre\17.0.10-win32-x86_64\bin\verify.dll
0x00007ff9f7b00000 - 0x00007ff9f7b3e000 	C:\Users\micha\AppData\Roaming\Code\User\globalStorage\redhat.java\1.30.0\config_win\org.eclipse.equinox.launcher\org.eclipse.equinox.launcher.win32.win32.x86_64_1.2.900.v20240213-1244\eclipse_11900.dll
0x00007ffa0a7c0000 - 0x00007ffa0a965000 	C:\WINDOWS\System32\ole32.dll
0x00007ffa088a0000 - 0x00007ffa088bb000 	C:\WINDOWS\SYSTEM32\CRYPTSP.dll
0x00007ffa08050000 - 0x00007ffa08085000 	C:\WINDOWS\system32\rsaenh.dll
0x00007ffa085f0000 - 0x00007ffa08618000 	C:\WINDOWS\SYSTEM32\USERENV.dll
0x00007ffa08880000 - 0x00007ffa0888c000 	C:\WINDOWS\SYSTEM32\CRYPTBASE.dll
0x00007ffa07b60000 - 0x00007ffa07b8d000 	C:\WINDOWS\SYSTEM32\IPHLPAPI.DLL
0x00007ffa0b420000 - 0x00007ffa0b429000 	C:\WINDOWS\System32\NSI.dll
0x00007ffa02ae0000 - 0x00007ffa02af9000 	C:\WINDOWS\SYSTEM32\dhcpcsvc6.DLL
0x00007ffa02a50000 - 0x00007ffa02a6f000 	C:\WINDOWS\SYSTEM32\dhcpcsvc.DLL
0x00007ffa07b90000 - 0x00007ffa07c89000 	C:\WINDOWS\SYSTEM32\DNSAPI.dll
0x00007ff9d8be0000 - 0x00007ff9d8c25000 	C:\Users\micha\AppData\Local\Temp\jna-103890304\jna14307364261486490312.dll
0x00007ffa0b150000 - 0x00007ffa0b158000 	C:\WINDOWS\System32\PSAPI.DLL
0x00007ff9f7c50000 - 0x00007ff9f7c5e000 	C:\Users\micha\.vscode\extensions\redhat.java-1.30.0-win32-x64\jre\17.0.10-win32-x86_64\bin\sunmscapi.dll
0x00007ffa09680000 - 0x00007ffa097e7000 	C:\WINDOWS\System32\CRYPT32.dll
0x00007ffa08a10000 - 0x00007ffa08a3e000 	C:\WINDOWS\SYSTEM32\ncrypt.dll
0x00007ffa089d0000 - 0x00007ffa08a07000 	C:\WINDOWS\SYSTEM32\NTASN1.dll
0x00007ffa02c20000 - 0x00007ffa02c2a000 	C:\Windows\System32\rasadhlp.dll
0x00007ffa014e0000 - 0x00007ffa01563000 	C:\WINDOWS\System32\fwpuclnt.dll
0x00007ff9f7c40000 - 0x00007ff9f7c49000 	C:\Users\micha\.vscode\extensions\redhat.java-1.30.0-win32-x64\jre\17.0.10-win32-x86_64\bin\extnet.dll
0x00007ffa08110000 - 0x00007ffa08144000 	C:\WINDOWS\SYSTEM32\ntmarta.dll
0x00007ff9d0120000 - 0x00007ff9d0128000 	C:\WINDOWS\system32\wshunix.dll

dbghelp: loaded successfully - version: 4.0.5 - missing functions: none
symbol engine: initialized successfully - sym options: 0x614 - pdb path: .;c:\Users\micha\.vscode\extensions\redhat.java-1.30.0-win32-x64\jre\17.0.10-win32-x86_64\bin;C:\WINDOWS\SYSTEM32;C:\WINDOWS\WinSxS\amd64_microsoft.windows.common-controls_6595b64144ccf1df_6.0.22621.3527_none_270e469b73872a76;c:\Users\micha\.vscode\extensions\redhat.java-1.30.0-win32-x64\jre\17.0.10-win32-x86_64\bin\server;C:\Users\micha\AppData\Roaming\Code\User\globalStorage\redhat.java\1.30.0\config_win\org.eclipse.equinox.launcher\org.eclipse.equinox.launcher.win32.win32.x86_64_1.2.900.v20240213-1244;C:\Users\micha\AppData\Local\Temp\jna-103890304

VM Arguments:
jvm_args: --add-modules=ALL-SYSTEM --add-opens=java.base/java.util=ALL-UNNAMED --add-opens=java.base/java.lang=ALL-UNNAMED --add-opens=java.base/sun.nio.fs=ALL-UNNAMED -Declipse.application=org.eclipse.jdt.ls.core.id1 -Dosgi.bundles.defaultStartLevel=4 -Declipse.product=org.eclipse.jdt.ls.core.product -Djava.import.generatesMetadataFilesAtProjectRoot=false -DDetectVMInstallationsJob.disabled=true -Dfile.encoding=utf8 -XX:+UseParallelGC -XX:GCTimeRatio=4 -XX:AdaptiveSizePolicyWeight=90 -Dsun.zip.disableMemoryMapping=true -Xmx1G -Xms100m -Xlog:disable -javaagent:c:\Users\micha\.vscode\extensions\redhat.java-1.30.0-win32-x64\lombok\lombok-1.18.32.jar -XX:+HeapDumpOnOutOfMemoryError -XX:HeapDumpPath=c:\Users\micha\AppData\Roaming\Code\User\workspaceStorage\f9b4046897cbd884777aaaa0a136d5f2\redhat.java -Daether.dependencyCollector.impl=bf 
java_command: c:\Users\micha\.vscode\extensions\redhat.java-1.30.0-win32-x64\server\plugins\org.eclipse.equinox.launcher_1.6.800.v20240330-1250.jar -configuration c:\Users\micha\AppData\Roaming\Code\User\globalStorage\redhat.java\1.30.0\config_win -data c:\Users\micha\AppData\Roaming\Code\User\workspaceStorage\f9b4046897cbd884777aaaa0a136d5f2\redhat.java\jdt_ws --pipe=\\.\pipe\lsp-1a2c3c6e6a6bb50a767b519a364a0e09-sock
java_class_path (initial): c:\Users\micha\.vscode\extensions\redhat.java-1.30.0-win32-x64\server\plugins\org.eclipse.equinox.launcher_1.6.800.v20240330-1250.jar
Launcher Type: SUN_STANDARD

[Global flags]
    uintx AdaptiveSizePolicyWeight                 = 90                                        {product} {command line}
     intx CICompilerCount                          = 12                                        {product} {ergonomic}
    uintx GCTimeRatio                              = 4                                         {product} {command line}
     bool HeapDumpOnOutOfMemoryError               = true                                   {manageable} {command line}
    ccstr HeapDumpPath                             = c:\Users\micha\AppData\Roaming\Code\User\workspaceStorage\f9b4046897cbd884777aaaa0a136d5f2\redhat.java         {manageable} {command line}
   size_t InitialHeapSize                          = 104857600                                 {product} {command line}
   size_t MaxHeapSize                              = 1073741824                                {product} {command line}
   size_t MaxNewSize                               = 357564416                                 {product} {ergonomic}
   size_t MinHeapDeltaBytes                        = 524288                                    {product} {ergonomic}
   size_t MinHeapSize                              = 104857600                                 {product} {command line}
   size_t NewSize                                  = 34603008                                  {product} {ergonomic}
    uintx NonNMethodCodeHeapSize                   = 7602480                                {pd product} {ergonomic}
    uintx NonProfiledCodeHeapSize                  = 122027880                              {pd product} {ergonomic}
   size_t OldSize                                  = 70254592                                  {product} {ergonomic}
    uintx ProfiledCodeHeapSize                     = 122027880                              {pd product} {ergonomic}
    uintx ReservedCodeCacheSize                    = 251658240                              {pd product} {ergonomic}
     bool SegmentedCodeCache                       = true                                      {product} {ergonomic}
   size_t SoftMaxHeapSize                          = 1073741824                             {manageable} {ergonomic}
     bool UseCompressedClassPointers               = true                           {product lp64_product} {ergonomic}
     bool UseCompressedOops                        = true                           {product lp64_product} {ergonomic}
     bool UseLargePagesIndividualAllocation        = false                                  {pd product} {ergonomic}
     bool UseParallelGC                            = true                                      {product} {command line}

Logging:
Log output configuration:
 #0: stdout all=off uptime,level,tags
 #1: stderr all=off uptime,level,tags

Environment Variables:
JAVA_HOME=C:\Program Files\Microsoft\jdk-11.0.21.9-hotspot\
PATH=C:\Program Files\Microsoft\jdk-11.0.21.9-hotspot\bin;C:\Program Files\Common Files\Oracle\Java\javapath;C:\Program Files (x86)\Common Files\Oracle\Java\javapath;C:\WINDOWS\system32;C:\WINDOWS;C:\WINDOWS\System32\Wbem;C:\WINDOWS\System32\WindowsPowerShell\v1.0\;C:\WINDOWS\System32\OpenSSH\;C:\Program Files\NVIDIA Corporation\NVIDIA NvDLISR;C:\WINDOWS\system32;C:\WINDOWS;C:\WINDOWS\System32\Wbem;C:\WINDOWS\System32\WindowsPowerShell\v1.0\;C:\WINDOWS\System32\OpenSSH\;C:\Program Files (x86)\NVIDIA Corporation\PhysX\Common;C:\Program Files\dotnet\;C:\Program Files (x86)\Windows Kits\10\Windows Performance Toolkit\;C:\Program Files\Git\cmd;C:\Users\micha\AppData\Local\Programs\Python\Launcher\;C:\Users\micha\AppData\Local\Microsoft\WindowsApps;C:\Users\micha\AppData\Local\Programs\Microsoft VS Code\bin;C:\Users\micha\AppData\Local\GitHubDesktop\bin;C:\Users\micha\.dotnet\tools
USERNAME=micha
OS=Windows_NT
PROCESSOR_IDENTIFIER=AMD64 Family 25 Model 68 Stepping 1, AuthenticAMD
TMP=C:\Users\micha\AppData\Local\Temp
TEMP=C:\Users\micha\AppData\Local\Temp



Periodic native trim disabled


---------------  S Y S T E M  ---------------

OS:
 Windows 11 , 64 bit Build 22621 (10.0.22621.3527)
OS uptime: 0 days 7:24 hours
Hyper-V role detected

CPU: total 16 (initial active 16) (16 cores per cpu, 2 threads per core) family 25 model 68 stepping 1 microcode 0x0, cx8, cmov, fxsr, ht, mmx, 3dnowpref, sse, sse2, sse3, ssse3, sse4a, sse4.1, sse4.2, popcnt, lzcnt, tsc, tscinvbit, avx, avx2, aes, erms, clmul, bmi1, bmi2, adx, sha, fma, vzeroupper, clflush, clflushopt, hv
Processor Information for all 16 processors :
  Max Mhz: 3201, Current Mhz: 3201, Mhz Limit: 3201

Memory: 4k page, system-wide physical 15610M (4019M free)
TotalPageFile size 62714M (AvailPageFile size 4M)
current process WorkingSet (physical memory assigned to process): 523M, peak: 534M
current process commit charge ("private bytes"): 550M, peak: 568M

vm_info: OpenJDK 64-Bit Server VM (17.0.10+7) for windows-amd64 JRE (17.0.10+7), built on Jan 16 2024 23:25:11 by "admin" with MS VC++ 16.10 / 16.11 (VS2019)

END.
